mode: atomic
homework/internal/gateways/http/models.go:60.61,69.2 1 0
homework/internal/gateways/http/models.go:71.56,82.2 1 0
homework/internal/gateways/http/models.go:84.66,86.28 2 0
homework/internal/gateways/http/models.go:86.28,88.3 1 0
homework/internal/gateways/http/models.go:89.2,89.15 1 0
homework/internal/gateways/http/models.go:92.55,96.2 1 0
homework/internal/gateways/http/models.go:98.50,103.2 1 0
homework/internal/gateways/http/models.go:105.58,111.2 1 0
homework/internal/gateways/http/models.go:113.109,115.27 2 0
homework/internal/gateways/http/models.go:115.27,122.3 1 0
homework/internal/gateways/http/models.go:123.2,123.15 1 0
homework/internal/gateways/http/models.go:126.30,128.2 1 0
homework/internal/gateways/http/models.go:130.77,136.2 2 0
homework/internal/gateways/http/router.go:15.68,19.33 3 0
homework/internal/gateways/http/router.go:19.33,21.3 1 0
homework/internal/gateways/http/router.go:23.2,23.34 1 0
homework/internal/gateways/http/router.go:23.34,27.15 3 0
homework/internal/gateways/http/router.go:28.18,29.35 1 0
homework/internal/gateways/http/router.go:30.19,31.44 1 0
homework/internal/gateways/http/router.go:32.17,33.35 1 0
homework/internal/gateways/http/router.go:34.11,35.44 1 0
homework/internal/gateways/http/router.go:35.44,37.5 1 0
homework/internal/gateways/http/router.go:37.10,37.88 1 0
homework/internal/gateways/http/router.go:37.88,39.5 1 0
homework/internal/gateways/http/router.go:42.3,42.27 1 0
homework/internal/gateways/http/router.go:42.27,44.4 1 0
homework/internal/gateways/http/router.go:46.3,46.83 1 0
homework/internal/gateways/http/router.go:49.2,53.38 4 0
homework/internal/gateways/http/router.go:53.38,55.3 1 0
homework/internal/gateways/http/router.go:58.52,60.2 2 0
homework/internal/gateways/http/router.go:60.2,61.45 1 0
homework/internal/gateways/http/router.go:61.45,62.32 1 0
homework/internal/gateways/http/router.go:62.32,64.5 1 0
homework/internal/gateways/http/router.go:66.4,67.54 2 0
homework/internal/gateways/http/router.go:67.54,70.5 2 0
homework/internal/gateways/http/router.go:72.4,72.126 1 0
homework/internal/gateways/http/router.go:72.126,75.5 2 0
homework/internal/gateways/http/router.go:77.4,79.18 3 0
homework/internal/gateways/http/router.go:79.18,82.5 2 0
homework/internal/gateways/http/router.go:84.4,84.32 1 0
homework/internal/gateways/http/router.go:87.3,87.48 1 0
homework/internal/gateways/http/router.go:87.48,89.4 1 0
homework/internal/gateways/http/router.go:93.75,95.2 2 0
homework/internal/gateways/http/router.go:95.2,96.45 1 0
homework/internal/gateways/http/router.go:96.45,97.27 1 0
homework/internal/gateways/http/router.go:97.27,99.5 1 0
homework/internal/gateways/http/router.go:101.4,102.18 2 0
homework/internal/gateways/http/router.go:102.18,105.5 2 0
homework/internal/gateways/http/router.go:107.4,107.53 1 0
homework/internal/gateways/http/router.go:110.3,110.46 1 0
homework/internal/gateways/http/router.go:110.46,111.27 1 0
homework/internal/gateways/http/router.go:111.27,113.5 1 0
homework/internal/gateways/http/router.go:115.4,116.18 2 0
homework/internal/gateways/http/router.go:116.18,119.5 2 0
homework/internal/gateways/http/router.go:121.4,122.27 2 0
homework/internal/gateways/http/router.go:125.3,125.46 1 0
homework/internal/gateways/http/router.go:125.46,126.32 1 0
homework/internal/gateways/http/router.go:126.32,128.5 1 0
homework/internal/gateways/http/router.go:130.4,131.58 2 0
homework/internal/gateways/http/router.go:131.58,134.5 2 0
homework/internal/gateways/http/router.go:136.4,136.44 1 0
homework/internal/gateways/http/router.go:136.44,138.5 1 0
homework/internal/gateways/http/router.go:140.4,142.18 3 0
homework/internal/gateways/http/router.go:142.18,145.5 2 0
homework/internal/gateways/http/router.go:147.4,147.51 1 0
homework/internal/gateways/http/router.go:150.3,150.49 1 0
homework/internal/gateways/http/router.go:150.49,152.4 1 0
homework/internal/gateways/http/router.go:154.3,154.46 1 0
homework/internal/gateways/http/router.go:158.84,159.45 1 0
homework/internal/gateways/http/router.go:159.45,160.26 1 0
homework/internal/gateways/http/router.go:160.26,162.4 1 0
homework/internal/gateways/http/router.go:164.3,165.17 2 0
homework/internal/gateways/http/router.go:165.17,168.4 2 0
homework/internal/gateways/http/router.go:170.3,171.17 2 0
homework/internal/gateways/http/router.go:171.17,174.4 2 0
homework/internal/gateways/http/router.go:176.3,176.50 1 0
homework/internal/gateways/http/router.go:179.2,179.46 1 0
homework/internal/gateways/http/router.go:179.46,180.26 1 0
homework/internal/gateways/http/router.go:180.26,182.4 1 0
homework/internal/gateways/http/router.go:183.3,184.17 2 0
homework/internal/gateways/http/router.go:184.17,187.4 2 0
homework/internal/gateways/http/router.go:189.3,190.17 2 0
homework/internal/gateways/http/router.go:190.17,193.4 2 0
homework/internal/gateways/http/router.go:195.3,196.26 2 0
homework/internal/gateways/http/router.go:199.2,199.52 1 0
homework/internal/gateways/http/router.go:199.52,201.17 2 0
homework/internal/gateways/http/router.go:201.17,204.4 2 0
homework/internal/gateways/http/router.go:206.3,207.17 2 0
homework/internal/gateways/http/router.go:207.17,209.4 1 0
homework/internal/gateways/http/router.go:212.2,212.53 1 0
homework/internal/gateways/http/router.go:212.53,213.26 1 0
homework/internal/gateways/http/router.go:213.26,215.4 1 0
homework/internal/gateways/http/router.go:217.3,218.17 2 0
homework/internal/gateways/http/router.go:218.17,221.4 2 0
homework/internal/gateways/http/router.go:223.3,229.25 5 0
homework/internal/gateways/http/router.go:229.25,231.23 2 0
homework/internal/gateways/http/router.go:231.23,234.5 2 0
homework/internal/gateways/http/router.go:237.3,237.23 1 0
homework/internal/gateways/http/router.go:237.23,239.23 2 0
homework/internal/gateways/http/router.go:239.23,242.5 2 0
homework/internal/gateways/http/router.go:245.3,245.23 1 0
homework/internal/gateways/http/router.go:245.23,247.4 1 0
homework/internal/gateways/http/router.go:249.3,249.25 1 0
homework/internal/gateways/http/router.go:249.25,251.4 1 0
homework/internal/gateways/http/router.go:253.3,254.17 2 0
homework/internal/gateways/http/router.go:254.17,257.4 2 0
homework/internal/gateways/http/router.go:259.3,259.82 1 0
homework/internal/gateways/http/router.go:262.2,262.49 1 0
homework/internal/gateways/http/router.go:262.49,264.3 1 0
homework/internal/gateways/http/router.go:266.2,266.57 1 0
homework/internal/gateways/http/router.go:266.57,268.3 1 0
homework/internal/gateways/http/router.go:271.51,273.2 2 0
homework/internal/gateways/http/router.go:273.2,274.44 1 0
homework/internal/gateways/http/router.go:274.44,275.32 1 0
homework/internal/gateways/http/router.go:275.32,277.5 1 0
homework/internal/gateways/http/router.go:279.4,280.56 2 0
homework/internal/gateways/http/router.go:280.56,283.5 2 0
homework/internal/gateways/http/router.go:285.4,285.29 1 0
homework/internal/gateways/http/router.go:285.29,288.5 2 0
homework/internal/gateways/http/router.go:290.4,292.18 3 0
homework/internal/gateways/http/router.go:292.18,295.5 2 0
homework/internal/gateways/http/router.go:297.4,297.49 1 0
homework/internal/gateways/http/router.go:300.3,300.47 1 0
homework/internal/gateways/http/router.go:300.47,302.4 1 0
homework/internal/gateways/http/router.go:304.3,304.41 1 0
homework/internal/gateways/http/router.go:308.63,310.2 2 0
homework/internal/gateways/http/router.go:310.2,311.49 1 0
homework/internal/gateways/http/router.go:311.49,312.27 1 0
homework/internal/gateways/http/router.go:312.27,314.5 1 0
homework/internal/gateways/http/router.go:316.4,317.18 2 0
homework/internal/gateways/http/router.go:317.18,320.5 2 0
homework/internal/gateways/http/router.go:322.4,323.18 2 0
homework/internal/gateways/http/router.go:323.18,324.99 1 0
homework/internal/gateways/http/router.go:324.99,327.6 2 0
homework/internal/gateways/http/router.go:328.5,329.11 2 0
homework/internal/gateways/http/router.go:332.4,332.53 1 0
homework/internal/gateways/http/router.go:335.3,335.50 1 0
homework/internal/gateways/http/router.go:335.50,336.27 1 0
homework/internal/gateways/http/router.go:336.27,338.5 1 0
homework/internal/gateways/http/router.go:340.4,341.18 2 0
homework/internal/gateways/http/router.go:341.18,344.5 2 0
homework/internal/gateways/http/router.go:346.4,347.18 2 0
homework/internal/gateways/http/router.go:347.18,348.99 1 0
homework/internal/gateways/http/router.go:348.99,351.6 2 0
homework/internal/gateways/http/router.go:352.5,353.11 2 0
homework/internal/gateways/http/router.go:356.4,357.27 2 0
homework/internal/gateways/http/router.go:360.3,360.50 1 0
homework/internal/gateways/http/router.go:360.50,361.32 1 0
homework/internal/gateways/http/router.go:361.32,363.5 1 0
homework/internal/gateways/http/router.go:365.4,366.18 2 0
homework/internal/gateways/http/router.go:366.18,369.5 2 0
homework/internal/gateways/http/router.go:371.4,372.53 2 0
homework/internal/gateways/http/router.go:372.53,375.5 2 0
homework/internal/gateways/http/router.go:377.4,377.29 1 0
homework/internal/gateways/http/router.go:377.29,380.5 2 0
homework/internal/gateways/http/router.go:382.4,383.18 2 0
homework/internal/gateways/http/router.go:383.18,384.99 1 0
homework/internal/gateways/http/router.go:384.99,387.6 2 0
homework/internal/gateways/http/router.go:388.5,389.11 2 0
homework/internal/gateways/http/router.go:392.4,392.32 1 0
homework/internal/gateways/http/router.go:395.3,395.53 1 0
homework/internal/gateways/http/router.go:395.53,397.4 1 0
homework/internal/gateways/http/router.go:401.48,403.56 2 0
homework/internal/gateways/http/router.go:403.56,406.3 2 0
homework/internal/gateways/http/router.go:407.2,407.13 1 0
homework/internal/gateways/http/router.go:410.43,412.31 2 0
homework/internal/gateways/http/router.go:412.31,415.3 2 0
homework/internal/gateways/http/router.go:416.2,416.13 1 0
homework/internal/gateways/http/router.go:419.74,420.100 1 0
homework/internal/gateways/http/router.go:420.100,423.3 2 0
homework/internal/gateways/http/router.go:424.2,424.30 1 0
homework/internal/gateways/http/router.go:424.30,427.3 2 0
homework/internal/gateways/http/router.go:428.2,428.13 1 0
homework/internal/gateways/http/router.go:431.53,434.2 2 0
homework/internal/gateways/http/router.go:436.57,439.2 2 0
homework/internal/gateways/http/router.go:441.31,442.22 1 0
homework/internal/gateways/http/router.go:442.22,443.25 1 0
homework/internal/gateways/http/router.go:443.25,445.4 1 0
homework/internal/gateways/http/router.go:447.2,447.13 1 0
homework/internal/gateways/http/router.go:450.43,451.18 1 0
homework/internal/gateways/http/router.go:451.18,453.3 1 0
homework/internal/gateways/http/router.go:454.2,454.88 1 0
homework/internal/gateways/http/router.go:457.45,458.9 1 0
homework/internal/gateways/http/router.go:459.138,460.66 1 0
homework/internal/gateways/http/router.go:464.52,465.77 1 0
homework/internal/gateways/http/router.go:466.10,467.89 1 0
homework/internal/gateways/http/router.go:471.55,472.9 1 0
homework/internal/gateways/http/router.go:473.138,474.32 1 0
homework/internal/gateways/http/router.go:478.52,479.43 1 0
homework/internal/gateways/http/router.go:480.10,481.43 1 0
homework/internal/gateways/http/server.go:23.69,28.28 4 0
homework/internal/gateways/http/server.go:28.28,30.3 1 0
homework/internal/gateways/http/server.go:32.2,32.10 1 0
homework/internal/gateways/http/server.go:35.42,36.25 1 0
homework/internal/gateways/http/server.go:36.25,38.3 1 0
homework/internal/gateways/http/server.go:41.42,42.25 1 0
homework/internal/gateways/http/server.go:42.25,44.3 1 0
homework/internal/gateways/http/server.go:47.47,49.2 1 0
homework/internal/gateways/http/websocket.go:22.63,27.2 1 0
homework/internal/gateways/http/websocket.go:29.67,31.16 2 0
homework/internal/gateways/http/websocket.go:31.16,32.48 1 0
homework/internal/gateways/http/websocket.go:32.48,34.4 1 0
homework/internal/gateways/http/websocket.go:34.9,36.4 1 0
homework/internal/gateways/http/websocket.go:37.3,37.13 1 0
homework/internal/gateways/http/websocket.go:40.2,43.16 2 0
homework/internal/gateways/http/websocket.go:43.16,45.3 1 0
homework/internal/gateways/http/websocket.go:47.2,53.12 5 0
homework/internal/gateways/http/websocket.go:53.12,54.16 1 0
homework/internal/gateways/http/websocket.go:54.16,60.4 5 0
homework/internal/gateways/http/websocket.go:62.3,62.7 1 0
homework/internal/gateways/http/websocket.go:62.7,64.18 2 0
homework/internal/gateways/http/websocket.go:64.18,65.10 1 0
homework/internal/gateways/http/websocket.go:69.2,69.12 1 0
homework/internal/gateways/http/websocket.go:69.12,70.10 1 0
homework/internal/gateways/http/websocket.go:71.21,72.10 1 0
homework/internal/gateways/http/websocket.go:73.45,73.45 0 0
homework/internal/gateways/http/websocket.go:76.3,76.10 1 0
homework/internal/gateways/http/websocket.go:77.21,78.10 1 0
homework/internal/gateways/http/websocket.go:79.11,81.38 2 0
homework/internal/gateways/http/websocket.go:81.38,83.5 1 0
homework/internal/gateways/http/websocket.go:85.4,86.11 2 0
homework/internal/gateways/http/websocket.go:87.22,88.11 1 0
homework/internal/gateways/http/websocket.go:89.12,90.70 1 0
homework/internal/gateways/http/websocket.go:95.2,95.12 1 0
homework/internal/gateways/http/websocket.go:98.45,104.28 5 0
homework/internal/gateways/http/websocket.go:104.28,106.3 1 0
homework/internal/gateways/http/websocket.go:107.2,111.29 4 0
homework/internal/gateways/http/websocket.go:111.29,113.30 2 0
homework/internal/gateways/http/websocket.go:113.30,117.4 3 0
homework/internal/gateways/http/websocket.go:120.2,121.12 2 0
homework/internal/gateways/http/websocket.go:121.12,124.3 2 0
homework/internal/gateways/http/websocket.go:126.2,126.9 1 0
homework/internal/gateways/http/websocket.go:127.20,128.19 1 0
homework/internal/gateways/http/websocket.go:129.14,130.13 1 0
homework/internal/repository/event/inmemory/event.go:17.44,21.2 1 0
homework/internal/repository/event/inmemory/event.go:23.85,24.18 1 0
homework/internal/repository/event/inmemory/event.go:24.18,26.3 1 0
homework/internal/repository/event/inmemory/event.go:28.2,28.34 1 0
homework/internal/repository/event/inmemory/event.go:28.34,30.3 1 0
homework/internal/repository/event/inmemory/event.go:32.2,35.12 4 0
homework/internal/repository/event/inmemory/event.go:38.104,39.34 1 0
homework/internal/repository/event/inmemory/event.go:39.34,41.3 1 0
homework/internal/repository/event/inmemory/event.go:43.2,47.33 4 0
homework/internal/repository/event/inmemory/event.go:47.33,49.3 1 0
homework/internal/repository/event/inmemory/event.go:51.2,53.31 3 0
homework/internal/repository/event/inmemory/event.go:53.31,54.62 1 0
homework/internal/repository/event/inmemory/event.go:54.62,57.4 2 0
homework/internal/repository/event/inmemory/event.go:60.2,60.25 1 0
homework/internal/repository/event/inmemory/event.go:63.139,64.34 1 0
homework/internal/repository/event/inmemory/event.go:64.34,66.3 1 0
homework/internal/repository/event/inmemory/event.go:68.2,72.33 4 0
homework/internal/repository/event/inmemory/event.go:72.33,74.3 1 0
homework/internal/repository/event/inmemory/event.go:76.2,77.31 2 0
homework/internal/repository/event/inmemory/event.go:77.31,79.72 1 0
homework/internal/repository/event/inmemory/event.go:79.72,81.4 1 0
homework/internal/repository/event/inmemory/event.go:84.2,84.20 1 0
homework/internal/repository/sensor/inmemory/sensor.go:19.46,25.2 1 16
homework/internal/repository/sensor/inmemory/sensor.go:27.89,28.19 1 1015
homework/internal/repository/sensor/inmemory/sensor.go:28.19,30.3 1 1
homework/internal/repository/sensor/inmemory/sensor.go:32.2,32.34 1 1014
homework/internal/repository/sensor/inmemory/sensor.go:32.34,34.3 1 2
homework/internal/repository/sensor/inmemory/sensor.go:36.2,39.100 3 1012
homework/internal/repository/sensor/inmemory/sensor.go:39.100,41.3 1 0
homework/internal/repository/sensor/inmemory/sensor.go:42.2,42.20 1 1012
homework/internal/repository/sensor/inmemory/sensor.go:42.20,46.35 3 1012
homework/internal/repository/sensor/inmemory/sensor.go:46.35,48.4 1 1012
homework/internal/repository/sensor/inmemory/sensor.go:52.2,55.12 3 1012
homework/internal/repository/sensor/inmemory/sensor.go:58.85,59.34 1 5
homework/internal/repository/sensor/inmemory/sensor.go:59.34,61.3 1 2
homework/internal/repository/sensor/inmemory/sensor.go:63.2,67.35 4 3
homework/internal/repository/sensor/inmemory/sensor.go:67.35,69.3 1 1010
homework/internal/repository/sensor/inmemory/sensor.go:71.2,71.21 1 3
homework/internal/repository/sensor/inmemory/sensor.go:74.97,75.34 1 4
homework/internal/repository/sensor/inmemory/sensor.go:75.34,77.3 1 2
homework/internal/repository/sensor/inmemory/sensor.go:79.2,83.9 4 2
homework/internal/repository/sensor/inmemory/sensor.go:83.9,85.3 1 1
homework/internal/repository/sensor/inmemory/sensor.go:87.2,87.20 1 1
homework/internal/repository/sensor/inmemory/sensor.go:90.108,91.34 1 4
homework/internal/repository/sensor/inmemory/sensor.go:91.34,93.3 1 2
homework/internal/repository/sensor/inmemory/sensor.go:95.2,99.9 4 2
homework/internal/repository/sensor/inmemory/sensor.go:99.9,101.3 1 1
homework/internal/repository/sensor/inmemory/sensor.go:103.2,103.20 1 1
homework/internal/repository/user/inmemory/sensor_owner.go:14.56,18.2 1 0
homework/internal/repository/user/inmemory/sensor_owner.go:20.108,21.9 1 0
homework/internal/repository/user/inmemory/sensor_owner.go:22.20,23.19 1 0
homework/internal/repository/user/inmemory/sensor_owner.go:24.10,24.10 0 0
homework/internal/repository/user/inmemory/sensor_owner.go:27.2,30.9 3 0
homework/internal/repository/user/inmemory/sensor_owner.go:31.20,32.19 1 0
homework/internal/repository/user/inmemory/sensor_owner.go:33.10,33.10 0 0
homework/internal/repository/user/inmemory/sensor_owner.go:36.2,37.13 2 0
homework/internal/repository/user/inmemory/sensor_owner.go:37.13,39.3 1 0
homework/internal/repository/user/inmemory/sensor_owner.go:41.2,42.12 2 0
homework/internal/repository/user/inmemory/sensor_owner.go:45.117,46.9 1 0
homework/internal/repository/user/inmemory/sensor_owner.go:47.20,48.24 1 0
homework/internal/repository/user/inmemory/sensor_owner.go:49.10,49.10 0 0
homework/internal/repository/user/inmemory/sensor_owner.go:52.2,55.9 3 0
homework/internal/repository/user/inmemory/sensor_owner.go:56.20,57.24 1 0
homework/internal/repository/user/inmemory/sensor_owner.go:58.10,58.10 0 0
homework/internal/repository/user/inmemory/sensor_owner.go:61.2,62.13 2 0
homework/internal/repository/user/inmemory/sensor_owner.go:62.13,64.3 1 0
homework/internal/repository/user/inmemory/sensor_owner.go:66.2,67.42 2 0
homework/internal/repository/user/inmemory/sensor_owner.go:67.42,69.3 1 0
homework/internal/repository/user/inmemory/sensor_owner.go:70.2,70.20 1 0
homework/internal/repository/user/inmemory/user.go:17.42,21.2 1 0
homework/internal/repository/user/inmemory/user.go:23.81,24.9 1 0
homework/internal/repository/user/inmemory/user.go:25.20,26.19 1 0
homework/internal/repository/user/inmemory/user.go:27.10,27.10 0 0
homework/internal/repository/user/inmemory/user.go:29.2,29.17 1 0
homework/internal/repository/user/inmemory/user.go:29.17,31.3 1 0
homework/internal/repository/user/inmemory/user.go:33.2,36.9 3 0
homework/internal/repository/user/inmemory/user.go:37.20,38.19 1 0
homework/internal/repository/user/inmemory/user.go:39.10,39.10 0 0
homework/internal/repository/user/inmemory/user.go:42.2,42.18 1 0
homework/internal/repository/user/inmemory/user.go:42.18,44.27 2 0
homework/internal/repository/user/inmemory/user.go:44.27,45.18 1 0
homework/internal/repository/user/inmemory/user.go:45.18,47.5 1 0
homework/internal/repository/user/inmemory/user.go:49.3,49.22 1 0
homework/internal/repository/user/inmemory/user.go:51.2,52.12 2 0
homework/internal/repository/user/inmemory/user.go:55.91,56.9 1 0
homework/internal/repository/user/inmemory/user.go:57.20,58.24 1 0
homework/internal/repository/user/inmemory/user.go:59.10,59.10 0 0
homework/internal/repository/user/inmemory/user.go:62.2,65.9 3 0
homework/internal/repository/user/inmemory/user.go:66.20,67.24 1 0
homework/internal/repository/user/inmemory/user.go:68.10,68.10 0 0
homework/internal/repository/user/inmemory/user.go:71.2,72.13 2 0
homework/internal/repository/user/inmemory/user.go:72.13,74.3 1 0
homework/internal/repository/user/inmemory/user.go:76.2,76.18 1 0
homework/internal/usecase/event.go:14.63,19.2 1 0
homework/internal/usecase/event.go:21.78,22.30 1 0
homework/internal/usecase/event.go:22.30,24.3 1 0
homework/internal/usecase/event.go:26.2,27.16 2 0
homework/internal/usecase/event.go:27.16,29.3 1 0
homework/internal/usecase/event.go:30.2,30.19 1 0
homework/internal/usecase/event.go:30.19,32.3 1 0
homework/internal/usecase/event.go:34.2,36.58 2 0
homework/internal/usecase/event.go:36.58,38.3 1 0
homework/internal/usecase/event.go:39.2,42.45 3 0
homework/internal/usecase/event.go:45.94,47.16 2 0
homework/internal/usecase/event.go:47.16,49.3 1 0
homework/internal/usecase/event.go:50.2,50.18 1 0
homework/internal/usecase/event.go:50.18,52.3 1 0
homework/internal/usecase/event.go:53.2,53.19 1 0
homework/internal/usecase/event.go:56.119,58.16 2 0
homework/internal/usecase/event.go:58.16,60.3 1 0
homework/internal/usecase/event.go:61.2,61.19 1 0
homework/internal/usecase/event.go:61.19,63.3 1 0
homework/internal/usecase/event.go:65.2,67.9 1 0
homework/internal/usecase/event.go:67.9,69.3 1 0
homework/internal/usecase/event.go:71.2,71.30 1 0
homework/internal/usecase/sensor.go:14.45,18.2 1 0
homework/internal/usecase/sensor.go:20.49,21.19 1 0
homework/internal/usecase/sensor.go:21.19,23.3 1 0
homework/internal/usecase/sensor.go:25.2,26.14 2 0
homework/internal/usecase/sensor.go:26.14,28.3 1 0
homework/internal/usecase/sensor.go:30.2,30.91 1 0
homework/internal/usecase/sensor.go:30.91,32.3 1 0
homework/internal/usecase/sensor.go:34.2,34.12 1 0
homework/internal/usecase/sensor.go:37.101,38.46 1 0
homework/internal/usecase/sensor.go:38.46,40.3 1 0
homework/internal/usecase/sensor.go:42.2,44.54 2 0
homework/internal/usecase/sensor.go:44.54,46.3 1 0
homework/internal/usecase/sensor.go:48.2,48.27 1 0
homework/internal/usecase/sensor.go:48.27,50.3 1 0
homework/internal/usecase/sensor.go:52.2,52.61 1 0
homework/internal/usecase/sensor.go:52.61,54.3 1 0
homework/internal/usecase/sensor.go:56.2,56.20 1 0
homework/internal/usecase/sensor.go:59.75,61.16 2 0
homework/internal/usecase/sensor.go:61.16,63.3 1 0
homework/internal/usecase/sensor.go:65.2,65.21 1 0
homework/internal/usecase/sensor.go:68.87,70.16 2 0
homework/internal/usecase/sensor.go:70.16,72.3 1 0
homework/internal/usecase/sensor.go:73.2,73.19 1 0
homework/internal/usecase/sensor.go:73.19,75.3 1 0
homework/internal/usecase/sensor.go:77.2,77.20 1 0
homework/internal/usecase/usecase_mock.go:27.77,31.2 3 0
homework/internal/usecase/usecase_mock.go:34.75,36.2 1 0
homework/internal/usecase/usecase_mock.go:39.101,45.2 5 0
homework/internal/usecase/usecase_mock.go:48.93,51.2 2 0
homework/internal/usecase/usecase_mock.go:54.112,60.2 5 0
homework/internal/usecase/usecase_mock.go:63.103,66.2 2 0
homework/internal/usecase/usecase_mock.go:69.89,75.2 5 0
homework/internal/usecase/usecase_mock.go:78.86,81.2 2 0
homework/internal/usecase/usecase_mock.go:84.93,89.2 4 0
homework/internal/usecase/usecase_mock.go:92.94,95.2 2 0
homework/internal/usecase/usecase_mock.go:109.75,113.2 3 0
homework/internal/usecase/usecase_mock.go:116.73,118.2 1 0
homework/internal/usecase/usecase_mock.go:121.108,127.2 5 0
homework/internal/usecase/usecase_mock.go:130.101,133.2 2 0
homework/internal/usecase/usecase_mock.go:136.89,141.2 4 0
homework/internal/usecase/usecase_mock.go:144.91,147.2 2 0
homework/internal/usecase/usecase_mock.go:161.73,165.2 3 0
homework/internal/usecase/usecase_mock.go:168.71,170.2 1 0
homework/internal/usecase/usecase_mock.go:173.95,179.2 5 0
homework/internal/usecase/usecase_mock.go:182.89,185.2 2 0
homework/internal/usecase/usecase_mock.go:188.85,193.2 4 0
homework/internal/usecase/usecase_mock.go:196.88,199.2 2 0
homework/internal/usecase/usecase_mock.go:213.87,217.2 3 0
homework/internal/usecase/usecase_mock.go:220.85,222.2 1 0
homework/internal/usecase/usecase_mock.go:225.121,231.2 5 0
homework/internal/usecase/usecase_mock.go:234.107,237.2 2 0
homework/internal/usecase/usecase_mock.go:240.112,245.2 4 0
homework/internal/usecase/usecase_mock.go:248.109,251.2 2 0
homework/internal/usecase/user.go:14.87,20.2 1 0
homework/internal/usecase/user.go:22.91,23.17 1 0
homework/internal/usecase/user.go:23.17,25.3 1 0
homework/internal/usecase/user.go:27.2,27.21 1 0
homework/internal/usecase/user.go:27.21,29.3 1 0
homework/internal/usecase/user.go:31.2,31.55 1 0
homework/internal/usecase/user.go:31.55,33.3 1 0
homework/internal/usecase/user.go:35.2,35.18 1 0
homework/internal/usecase/user.go:38.86,40.16 2 0
homework/internal/usecase/user.go:40.16,42.3 1 0
homework/internal/usecase/user.go:43.2,43.17 1 0
homework/internal/usecase/user.go:43.17,45.3 1 0
homework/internal/usecase/user.go:47.2,48.16 2 0
homework/internal/usecase/user.go:48.16,50.3 1 0
homework/internal/usecase/user.go:51.2,51.19 1 0
homework/internal/usecase/user.go:51.19,53.3 1 0
homework/internal/usecase/user.go:54.2,59.60 2 0
homework/internal/usecase/user.go:62.91,64.16 2 0
homework/internal/usecase/user.go:64.16,66.3 1 0
homework/internal/usecase/user.go:67.2,67.17 1 0
homework/internal/usecase/user.go:67.17,69.3 1 0
homework/internal/usecase/user.go:71.2,72.16 2 0
homework/internal/usecase/user.go:72.16,74.3 1 0
homework/internal/usecase/user.go:76.2,77.43 2 0
homework/internal/usecase/user.go:77.43,79.17 2 0
homework/internal/usecase/user.go:79.17,81.4 1 0
homework/internal/usecase/user.go:82.3,82.20 1 0
homework/internal/usecase/user.go:82.20,84.4 1 0
homework/internal/usecase/user.go:86.2,86.21 1 0
homework/internal/gateways/http/models.go:60.61,69.2 1 1
homework/internal/gateways/http/models.go:71.56,82.2 1 3
homework/internal/gateways/http/models.go:84.66,86.28 2 4
homework/internal/gateways/http/models.go:86.28,88.3 1 0
homework/internal/gateways/http/models.go:89.2,89.15 1 4
homework/internal/gateways/http/models.go:92.55,96.2 1 1
homework/internal/gateways/http/models.go:98.50,103.2 1 1
homework/internal/gateways/http/models.go:105.58,111.2 1 1
homework/internal/gateways/http/models.go:113.109,115.27 2 0
homework/internal/gateways/http/models.go:115.27,122.3 1 0
homework/internal/gateways/http/models.go:123.2,123.15 1 0
homework/internal/gateways/http/models.go:126.30,128.2 1 0
homework/internal/gateways/http/models.go:130.77,136.2 2 0
homework/internal/gateways/http/router.go:15.68,19.33 3 10
homework/internal/gateways/http/router.go:19.33,21.3 1 9
homework/internal/gateways/http/router.go:23.2,23.34 1 10
homework/internal/gateways/http/router.go:23.34,27.15 3 30
homework/internal/gateways/http/router.go:28.18,29.35 1 7
homework/internal/gateways/http/router.go:30.19,31.44 1 5
homework/internal/gateways/http/router.go:32.17,33.35 1 12
homework/internal/gateways/http/router.go:34.11,35.44 1 6
homework/internal/gateways/http/router.go:35.44,37.5 1 6
homework/internal/gateways/http/router.go:37.10,37.88 1 0
homework/internal/gateways/http/router.go:37.88,39.5 1 0
homework/internal/gateways/http/router.go:42.3,42.27 1 30
homework/internal/gateways/http/router.go:42.27,44.4 1 30
homework/internal/gateways/http/router.go:46.3,46.83 1 30
homework/internal/gateways/http/router.go:49.2,53.38 4 10
homework/internal/gateways/http/router.go:53.38,55.3 1 0
homework/internal/gateways/http/router.go:58.52,60.2 2 10
homework/internal/gateways/http/router.go:60.2,61.45 1 10
homework/internal/gateways/http/router.go:61.45,62.32 1 4
homework/internal/gateways/http/router.go:62.32,64.5 1 1
homework/internal/gateways/http/router.go:66.4,67.54 2 3
homework/internal/gateways/http/router.go:67.54,70.5 2 1
homework/internal/gateways/http/router.go:72.4,72.126 1 2
homework/internal/gateways/http/router.go:72.126,75.5 2 1
homework/internal/gateways/http/router.go:77.4,79.18 3 1
homework/internal/gateways/http/router.go:79.18,82.5 2 0
homework/internal/gateways/http/router.go:84.4,84.32 1 1
homework/internal/gateways/http/router.go:87.3,87.48 1 10
homework/internal/gateways/http/router.go:87.48,89.4 1 1
homework/internal/gateways/http/router.go:93.75,95.2 2 10
homework/internal/gateways/http/router.go:95.2,96.45 1 10
homework/internal/gateways/http/router.go:96.45,97.27 1 2
homework/internal/gateways/http/router.go:97.27,99.5 1 1
homework/internal/gateways/http/router.go:101.4,102.18 2 1
homework/internal/gateways/http/router.go:102.18,105.5 2 0
homework/internal/gateways/http/router.go:107.4,107.53 1 1
homework/internal/gateways/http/router.go:110.3,110.46 1 10
homework/internal/gateways/http/router.go:110.46,111.27 1 2
homework/internal/gateways/http/router.go:111.27,113.5 1 1
homework/internal/gateways/http/router.go:115.4,116.18 2 1
homework/internal/gateways/http/router.go:116.18,119.5 2 0
homework/internal/gateways/http/router.go:121.4,122.27 2 1
homework/internal/gateways/http/router.go:125.3,125.46 1 10
homework/internal/gateways/http/router.go:125.46,126.32 1 4
homework/internal/gateways/http/router.go:126.32,128.5 1 1
homework/internal/gateways/http/router.go:130.4,131.58 2 3
homework/internal/gateways/http/router.go:131.58,134.5 2 1
homework/internal/gateways/http/router.go:136.4,136.44 1 2
homework/internal/gateways/http/router.go:136.44,138.5 1 1
homework/internal/gateways/http/router.go:140.4,142.18 3 1
homework/internal/gateways/http/router.go:142.18,145.5 2 0
homework/internal/gateways/http/router.go:147.4,147.51 1 1
homework/internal/gateways/http/router.go:150.3,150.49 1 10
homework/internal/gateways/http/router.go:150.49,152.4 1 1
homework/internal/gateways/http/router.go:154.3,154.46 1 10
homework/internal/gateways/http/router.go:158.84,159.45 1 10
homework/internal/gateways/http/router.go:159.45,160.26 1 4
homework/internal/gateways/http/router.go:160.26,162.4 1 1
homework/internal/gateways/http/router.go:164.3,165.17 2 3
homework/internal/gateways/http/router.go:165.17,168.4 2 1
homework/internal/gateways/http/router.go:170.3,171.17 2 2
homework/internal/gateways/http/router.go:171.17,174.4 2 1
homework/internal/gateways/http/router.go:176.3,176.50 1 1
homework/internal/gateways/http/router.go:179.2,179.46 1 10
homework/internal/gateways/http/router.go:179.46,180.26 1 4
homework/internal/gateways/http/router.go:180.26,182.4 1 1
homework/internal/gateways/http/router.go:183.3,184.17 2 3
homework/internal/gateways/http/router.go:184.17,187.4 2 1
homework/internal/gateways/http/router.go:189.3,190.17 2 2
homework/internal/gateways/http/router.go:190.17,193.4 2 1
homework/internal/gateways/http/router.go:195.3,196.26 2 1
homework/internal/gateways/http/router.go:199.2,199.52 1 10
homework/internal/gateways/http/router.go:199.52,201.17 2 4
homework/internal/gateways/http/router.go:201.17,204.4 2 0
homework/internal/gateways/http/router.go:206.3,207.17 2 4
homework/internal/gateways/http/router.go:207.17,209.4 1 1
homework/internal/gateways/http/router.go:212.2,212.53 1 10
homework/internal/gateways/http/router.go:212.53,213.26 1 0
homework/internal/gateways/http/router.go:213.26,215.4 1 0
homework/internal/gateways/http/router.go:217.3,218.17 2 0
homework/internal/gateways/http/router.go:218.17,221.4 2 0
homework/internal/gateways/http/router.go:223.3,229.25 5 0
homework/internal/gateways/http/router.go:229.25,231.23 2 0
homework/internal/gateways/http/router.go:231.23,234.5 2 0
homework/internal/gateways/http/router.go:237.3,237.23 1 0
homework/internal/gateways/http/router.go:237.23,239.23 2 0
homework/internal/gateways/http/router.go:239.23,242.5 2 0
homework/internal/gateways/http/router.go:245.3,245.23 1 0
homework/internal/gateways/http/router.go:245.23,247.4 1 0
homework/internal/gateways/http/router.go:249.3,249.25 1 0
homework/internal/gateways/http/router.go:249.25,251.4 1 0
homework/internal/gateways/http/router.go:253.3,254.17 2 0
homework/internal/gateways/http/router.go:254.17,257.4 2 0
homework/internal/gateways/http/router.go:259.3,259.82 1 0
homework/internal/gateways/http/router.go:262.2,262.49 1 10
homework/internal/gateways/http/router.go:262.49,264.3 1 1
homework/internal/gateways/http/router.go:266.2,266.57 1 10
homework/internal/gateways/http/router.go:266.57,268.3 1 0
homework/internal/gateways/http/router.go:271.51,273.2 2 10
homework/internal/gateways/http/router.go:273.2,274.44 1 10
homework/internal/gateways/http/router.go:274.44,275.32 1 4
homework/internal/gateways/http/router.go:275.32,277.5 1 1
homework/internal/gateways/http/router.go:279.4,280.56 2 3
homework/internal/gateways/http/router.go:280.56,283.5 2 1
homework/internal/gateways/http/router.go:285.4,285.29 1 2
homework/internal/gateways/http/router.go:285.29,288.5 2 1
homework/internal/gateways/http/router.go:290.4,292.18 3 1
homework/internal/gateways/http/router.go:292.18,295.5 2 0
homework/internal/gateways/http/router.go:297.4,297.49 1 1
homework/internal/gateways/http/router.go:300.3,300.47 1 10
homework/internal/gateways/http/router.go:300.47,302.4 1 1
homework/internal/gateways/http/router.go:304.3,304.41 1 10
homework/internal/gateways/http/router.go:308.63,310.2 2 10
homework/internal/gateways/http/router.go:310.2,311.49 1 10
homework/internal/gateways/http/router.go:311.49,312.27 1 4
homework/internal/gateways/http/router.go:312.27,314.5 1 1
homework/internal/gateways/http/router.go:316.4,317.18 2 3
homework/internal/gateways/http/router.go:317.18,320.5 2 1
homework/internal/gateways/http/router.go:322.4,323.18 2 2
homework/internal/gateways/http/router.go:323.18,324.99 1 1
homework/internal/gateways/http/router.go:324.99,327.6 2 1
homework/internal/gateways/http/router.go:328.5,329.11 2 0
homework/internal/gateways/http/router.go:332.4,332.53 1 1
homework/internal/gateways/http/router.go:335.3,335.50 1 10
homework/internal/gateways/http/router.go:335.50,336.27 1 4
homework/internal/gateways/http/router.go:336.27,338.5 1 1
homework/internal/gateways/http/router.go:340.4,341.18 2 3
homework/internal/gateways/http/router.go:341.18,344.5 2 1
homework/internal/gateways/http/router.go:346.4,347.18 2 2
homework/internal/gateways/http/router.go:347.18,348.99 1 1
homework/internal/gateways/http/router.go:348.99,351.6 2 1
homework/internal/gateways/http/router.go:352.5,353.11 2 0
homework/internal/gateways/http/router.go:356.4,357.27 2 1
homework/internal/gateways/http/router.go:360.3,360.50 1 10
homework/internal/gateways/http/router.go:360.50,361.32 1 5
homework/internal/gateways/http/router.go:361.32,363.5 1 1
homework/internal/gateways/http/router.go:365.4,366.18 2 4
homework/internal/gateways/http/router.go:366.18,369.5 2 0
homework/internal/gateways/http/router.go:371.4,372.53 2 4
homework/internal/gateways/http/router.go:372.53,375.5 2 1
homework/internal/gateways/http/router.go:377.4,377.29 1 3
homework/internal/gateways/http/router.go:377.29,380.5 2 1
homework/internal/gateways/http/router.go:382.4,383.18 2 2
homework/internal/gateways/http/router.go:383.18,384.99 1 1
homework/internal/gateways/http/router.go:384.99,387.6 2 1
homework/internal/gateways/http/router.go:388.5,389.11 2 0
homework/internal/gateways/http/router.go:392.4,392.32 1 1
homework/internal/gateways/http/router.go:395.3,395.53 1 10
homework/internal/gateways/http/router.go:395.53,397.4 1 1
homework/internal/gateways/http/router.go:401.48,403.56 2 17
homework/internal/gateways/http/router.go:403.56,406.3 2 4
homework/internal/gateways/http/router.go:407.2,407.13 1 13
homework/internal/gateways/http/router.go:410.43,412.31 2 20
homework/internal/gateways/http/router.go:412.31,415.3 2 6
homework/internal/gateways/http/router.go:416.2,416.13 1 14
homework/internal/gateways/http/router.go:419.74,420.100 1 2
homework/internal/gateways/http/router.go:420.100,423.3 2 1
homework/internal/gateways/http/router.go:424.2,424.30 1 1
homework/internal/gateways/http/router.go:424.30,427.3 2 0
homework/internal/gateways/http/router.go:428.2,428.13 1 1
homework/internal/gateways/http/router.go:431.53,434.2 2 5
homework/internal/gateways/http/router.go:436.57,439.2 2 3
homework/internal/gateways/http/router.go:441.31,442.22 1 2
homework/internal/gateways/http/router.go:442.22,443.25 1 20
homework/internal/gateways/http/router.go:443.25,445.4 1 0
homework/internal/gateways/http/router.go:447.2,447.13 1 2
homework/internal/gateways/http/router.go:450.43,451.18 1 20
homework/internal/gateways/http/router.go:451.18,453.3 1 0
homework/internal/gateways/http/router.go:454.2,454.88 1 20
homework/internal/gateways/http/router.go:457.45,458.9 1 1
homework/internal/gateways/http/router.go:459.138,460.66 1 1
homework/internal/gateways/http/router.go:464.52,465.77 1 0
homework/internal/gateways/http/router.go:466.10,467.89 1 0
homework/internal/gateways/http/router.go:471.55,472.9 1 1
homework/internal/gateways/http/router.go:473.138,474.32 1 1
homework/internal/gateways/http/router.go:478.52,479.43 1 0
homework/internal/gateways/http/router.go:480.10,481.43 1 0
homework/internal/gateways/http/server.go:23.69,28.28 4 5
homework/internal/gateways/http/server.go:28.28,30.3 1 4
homework/internal/gateways/http/server.go:32.2,32.10 1 5
homework/internal/gateways/http/server.go:35.42,36.25 1 6
homework/internal/gateways/http/server.go:36.25,38.3 1 6
homework/internal/gateways/http/server.go:41.42,42.25 1 7
homework/internal/gateways/http/server.go:42.25,44.3 1 7
homework/internal/gateways/http/server.go:47.47,49.2 1 0
homework/internal/gateways/http/websocket.go:22.63,27.2 1 10
homework/internal/gateways/http/websocket.go:29.67,31.16 2 4
homework/internal/gateways/http/websocket.go:31.16,32.48 1 1
homework/internal/gateways/http/websocket.go:32.48,34.4 1 1
homework/internal/gateways/http/websocket.go:34.9,36.4 1 0
homework/internal/gateways/http/websocket.go:37.3,37.13 1 1
homework/internal/gateways/http/websocket.go:40.2,43.16 2 3
homework/internal/gateways/http/websocket.go:43.16,45.3 1 0
homework/internal/gateways/http/websocket.go:47.2,53.12 5 3
homework/internal/gateways/http/websocket.go:53.12,54.16 1 3
homework/internal/gateways/http/websocket.go:54.16,60.4 5 2
homework/internal/gateways/http/websocket.go:62.3,62.7 1 3
homework/internal/gateways/http/websocket.go:62.7,64.18 2 3
homework/internal/gateways/http/websocket.go:64.18,65.10 1 2
homework/internal/gateways/http/websocket.go:69.2,69.12 1 3
homework/internal/gateways/http/websocket.go:69.12,70.10 1 3
homework/internal/gateways/http/websocket.go:71.21,72.10 1 2
homework/internal/gateways/http/websocket.go:73.45,73.45 0 1
homework/internal/gateways/http/websocket.go:76.3,76.10 1 1
homework/internal/gateways/http/websocket.go:77.21,78.10 1 0
homework/internal/gateways/http/websocket.go:79.11,81.38 2 1
homework/internal/gateways/http/websocket.go:81.38,83.5 1 0
homework/internal/gateways/http/websocket.go:85.4,86.11 2 1
homework/internal/gateways/http/websocket.go:87.22,88.11 1 0
homework/internal/gateways/http/websocket.go:89.12,90.70 1 1
homework/internal/gateways/http/websocket.go:95.2,95.12 1 3
homework/internal/gateways/http/websocket.go:98.45,104.28 5 2
homework/internal/gateways/http/websocket.go:104.28,106.3 1 1
homework/internal/gateways/http/websocket.go:107.2,111.29 4 2
homework/internal/gateways/http/websocket.go:111.29,113.30 2 1
homework/internal/gateways/http/websocket.go:113.30,117.4 3 1
homework/internal/gateways/http/websocket.go:120.2,121.12 2 2
homework/internal/gateways/http/websocket.go:121.12,124.3 2 2
homework/internal/gateways/http/websocket.go:126.2,126.9 1 2
homework/internal/gateways/http/websocket.go:127.20,128.19 1 0
homework/internal/gateways/http/websocket.go:129.14,130.13 1 2
homework/internal/repository/event/inmemory/event.go:17.44,21.2 1 1
homework/internal/repository/event/inmemory/event.go:23.85,24.18 1 1
homework/internal/repository/event/inmemory/event.go:24.18,26.3 1 0
homework/internal/repository/event/inmemory/event.go:28.2,28.34 1 1
homework/internal/repository/event/inmemory/event.go:28.34,30.3 1 0
homework/internal/repository/event/inmemory/event.go:32.2,35.12 4 1
homework/internal/repository/event/inmemory/event.go:38.104,39.34 1 0
homework/internal/repository/event/inmemory/event.go:39.34,41.3 1 0
homework/internal/repository/event/inmemory/event.go:43.2,47.33 4 0
homework/internal/repository/event/inmemory/event.go:47.33,49.3 1 0
homework/internal/repository/event/inmemory/event.go:51.2,53.31 3 0
homework/internal/repository/event/inmemory/event.go:53.31,54.62 1 0
homework/internal/repository/event/inmemory/event.go:54.62,57.4 2 0
homework/internal/repository/event/inmemory/event.go:60.2,60.25 1 0
homework/internal/repository/event/inmemory/event.go:63.139,64.34 1 0
homework/internal/repository/event/inmemory/event.go:64.34,66.3 1 0
homework/internal/repository/event/inmemory/event.go:68.2,72.33 4 0
homework/internal/repository/event/inmemory/event.go:72.33,74.3 1 0
homework/internal/repository/event/inmemory/event.go:76.2,77.31 2 0
homework/internal/repository/event/inmemory/event.go:77.31,79.72 1 0
homework/internal/repository/event/inmemory/event.go:79.72,81.4 1 0
homework/internal/repository/event/inmemory/event.go:84.2,84.20 1 0
homework/internal/repository/sensor/inmemory/sensor.go:19.46,25.2 1 1
homework/internal/repository/sensor/inmemory/sensor.go:27.89,28.19 1 2
homework/internal/repository/sensor/inmemory/sensor.go:28.19,30.3 1 0
homework/internal/repository/sensor/inmemory/sensor.go:32.2,32.34 1 2
homework/internal/repository/sensor/inmemory/sensor.go:32.34,34.3 1 0
homework/internal/repository/sensor/inmemory/sensor.go:36.2,39.100 3 2
homework/internal/repository/sensor/inmemory/sensor.go:39.100,41.3 1 0
homework/internal/repository/sensor/inmemory/sensor.go:42.2,42.20 1 2
homework/internal/repository/sensor/inmemory/sensor.go:42.20,46.35 3 1
homework/internal/repository/sensor/inmemory/sensor.go:46.35,48.4 1 0
homework/internal/repository/sensor/inmemory/sensor.go:52.2,55.12 3 2
homework/internal/repository/sensor/inmemory/sensor.go:58.85,59.34 1 2
homework/internal/repository/sensor/inmemory/sensor.go:59.34,61.3 1 0
homework/internal/repository/sensor/inmemory/sensor.go:63.2,67.35 4 2
homework/internal/repository/sensor/inmemory/sensor.go:67.35,69.3 1 0
homework/internal/repository/sensor/inmemory/sensor.go:71.2,71.21 1 2
homework/internal/repository/sensor/inmemory/sensor.go:74.97,75.34 1 5
homework/internal/repository/sensor/inmemory/sensor.go:75.34,77.3 1 0
homework/internal/repository/sensor/inmemory/sensor.go:79.2,83.9 4 5
homework/internal/repository/sensor/inmemory/sensor.go:83.9,85.3 1 2
homework/internal/repository/sensor/inmemory/sensor.go:87.2,87.20 1 3
homework/internal/repository/sensor/inmemory/sensor.go:90.108,91.34 1 2
homework/internal/repository/sensor/inmemory/sensor.go:91.34,93.3 1 0
homework/internal/repository/sensor/inmemory/sensor.go:95.2,99.9 4 2
homework/internal/repository/sensor/inmemory/sensor.go:99.9,101.3 1 1
homework/internal/repository/sensor/inmemory/sensor.go:103.2,103.20 1 1
homework/internal/repository/user/inmemory/sensor_owner.go:14.56,18.2 1 1
homework/internal/repository/user/inmemory/sensor_owner.go:20.108,21.9 1 1
homework/internal/repository/user/inmemory/sensor_owner.go:22.20,23.19 1 0
homework/internal/repository/user/inmemory/sensor_owner.go:24.10,24.10 0 1
homework/internal/repository/user/inmemory/sensor_owner.go:27.2,30.9 3 1
homework/internal/repository/user/inmemory/sensor_owner.go:31.20,32.19 1 0
homework/internal/repository/user/inmemory/sensor_owner.go:33.10,33.10 0 1
homework/internal/repository/user/inmemory/sensor_owner.go:36.2,37.13 2 1
homework/internal/repository/user/inmemory/sensor_owner.go:37.13,39.3 1 1
homework/internal/repository/user/inmemory/sensor_owner.go:41.2,42.12 2 1
homework/internal/repository/user/inmemory/sensor_owner.go:45.117,46.9 1 2
homework/internal/repository/user/inmemory/sensor_owner.go:47.20,48.24 1 0
homework/internal/repository/user/inmemory/sensor_owner.go:49.10,49.10 0 2
homework/internal/repository/user/inmemory/sensor_owner.go:52.2,55.9 3 2
homework/internal/repository/user/inmemory/sensor_owner.go:56.20,57.24 1 0
homework/internal/repository/user/inmemory/sensor_owner.go:58.10,58.10 0 2
homework/internal/repository/user/inmemory/sensor_owner.go:61.2,62.13 2 2
homework/internal/repository/user/inmemory/sensor_owner.go:62.13,64.3 1 2
homework/internal/repository/user/inmemory/sensor_owner.go:66.2,67.42 2 0
homework/internal/repository/user/inmemory/sensor_owner.go:67.42,69.3 1 0
homework/internal/repository/user/inmemory/sensor_owner.go:70.2,70.20 1 0
homework/internal/repository/user/inmemory/user.go:17.42,21.2 1 1
homework/internal/repository/user/inmemory/user.go:23.81,24.9 1 1
homework/internal/repository/user/inmemory/user.go:25.20,26.19 1 0
homework/internal/repository/user/inmemory/user.go:27.10,27.10 0 1
homework/internal/repository/user/inmemory/user.go:29.2,29.17 1 1
homework/internal/repository/user/inmemory/user.go:29.17,31.3 1 0
homework/internal/repository/user/inmemory/user.go:33.2,36.9 3 1
homework/internal/repository/user/inmemory/user.go:37.20,38.19 1 0
homework/internal/repository/user/inmemory/user.go:39.10,39.10 0 1
homework/internal/repository/user/inmemory/user.go:42.2,42.18 1 1
homework/internal/repository/user/inmemory/user.go:42.18,44.27 2 1
homework/internal/repository/user/inmemory/user.go:44.27,45.18 1 0
homework/internal/repository/user/inmemory/user.go:45.18,47.5 1 0
homework/internal/repository/user/inmemory/user.go:49.3,49.22 1 1
homework/internal/repository/user/inmemory/user.go:51.2,52.12 2 1
homework/internal/repository/user/inmemory/user.go:55.91,56.9 1 6
homework/internal/repository/user/inmemory/user.go:57.20,58.24 1 0
homework/internal/repository/user/inmemory/user.go:59.10,59.10 0 6
homework/internal/repository/user/inmemory/user.go:62.2,65.9 3 6
homework/internal/repository/user/inmemory/user.go:66.20,67.24 1 0
homework/internal/repository/user/inmemory/user.go:68.10,68.10 0 6
homework/internal/repository/user/inmemory/user.go:71.2,72.13 2 6
homework/internal/repository/user/inmemory/user.go:72.13,74.3 1 3
homework/internal/repository/user/inmemory/user.go:76.2,76.18 1 3
homework/internal/usecase/event.go:14.63,19.2 1 5
homework/internal/usecase/event.go:21.78,22.30 1 1
homework/internal/usecase/event.go:22.30,24.3 1 0
homework/internal/usecase/event.go:26.2,27.16 2 1
homework/internal/usecase/event.go:27.16,29.3 1 0
homework/internal/usecase/event.go:30.2,30.19 1 1
homework/internal/usecase/event.go:30.19,32.3 1 0
homework/internal/usecase/event.go:34.2,36.58 2 1
homework/internal/usecase/event.go:36.58,38.3 1 0
homework/internal/usecase/event.go:39.2,42.45 3 1
homework/internal/usecase/event.go:45.94,47.16 2 1
homework/internal/usecase/event.go:47.16,49.3 1 0
homework/internal/usecase/event.go:50.2,50.18 1 1
homework/internal/usecase/event.go:50.18,52.3 1 0
homework/internal/usecase/event.go:53.2,53.19 1 1
homework/internal/usecase/event.go:56.119,58.16 2 0
homework/internal/usecase/event.go:58.16,60.3 1 0
homework/internal/usecase/event.go:61.2,61.19 1 0
homework/internal/usecase/event.go:61.19,63.3 1 0
homework/internal/usecase/event.go:65.2,67.9 1 0
homework/internal/usecase/event.go:67.9,69.3 1 0
homework/internal/usecase/event.go:71.2,71.30 1 0
homework/internal/usecase/sensor.go:14.45,18.2 1 5
homework/internal/usecase/sensor.go:20.49,21.19 1 1
homework/internal/usecase/sensor.go:21.19,23.3 1 0
homework/internal/usecase/sensor.go:25.2,26.14 2 1
homework/internal/usecase/sensor.go:26.14,28.3 1 0
homework/internal/usecase/sensor.go:30.2,30.91 1 1
homework/internal/usecase/sensor.go:30.91,32.3 1 0
homework/internal/usecase/sensor.go:34.2,34.12 1 1
homework/internal/usecase/sensor.go:37.101,38.46 1 1
homework/internal/usecase/sensor.go:38.46,40.3 1 0
homework/internal/usecase/sensor.go:42.2,44.54 2 1
homework/internal/usecase/sensor.go:44.54,46.3 1 0
homework/internal/usecase/sensor.go:48.2,48.27 1 1
homework/internal/usecase/sensor.go:48.27,50.3 1 0
homework/internal/usecase/sensor.go:52.2,52.61 1 1
homework/internal/usecase/sensor.go:52.61,54.3 1 0
homework/internal/usecase/sensor.go:56.2,56.20 1 1
homework/internal/usecase/sensor.go:59.75,61.16 2 2
homework/internal/usecase/sensor.go:61.16,63.3 1 0
homework/internal/usecase/sensor.go:65.2,65.21 1 2
homework/internal/usecase/sensor.go:68.87,70.16 2 8
homework/internal/usecase/sensor.go:70.16,72.3 1 3
homework/internal/usecase/sensor.go:73.2,73.19 1 5
homework/internal/usecase/sensor.go:73.19,75.3 1 0
homework/internal/usecase/sensor.go:77.2,77.20 1 5
homework/internal/usecase/usecase_mock.go:27.77,31.2 3 4
homework/internal/usecase/usecase_mock.go:34.75,36.2 1 4
homework/internal/usecase/usecase_mock.go:39.101,45.2 5 4
homework/internal/usecase/usecase_mock.go:48.93,51.2 2 4
homework/internal/usecase/usecase_mock.go:54.112,60.2 5 0
homework/internal/usecase/usecase_mock.go:63.103,66.2 2 0
homework/internal/usecase/usecase_mock.go:69.89,75.2 5 0
homework/internal/usecase/usecase_mock.go:78.86,81.2 2 0
homework/internal/usecase/usecase_mock.go:84.93,89.2 4 0
homework/internal/usecase/usecase_mock.go:92.94,95.2 2 0
homework/internal/usecase/usecase_mock.go:109.75,113.2 3 4
homework/internal/usecase/usecase_mock.go:116.73,118.2 1 1
homework/internal/usecase/usecase_mock.go:121.108,127.2 5 1
homework/internal/usecase/usecase_mock.go:130.101,133.2 2 1
homework/internal/usecase/usecase_mock.go:136.89,141.2 4 0
homework/internal/usecase/usecase_mock.go:144.91,147.2 2 0
homework/internal/usecase/usecase_mock.go:161.73,165.2 3 4
homework/internal/usecase/usecase_mock.go:168.71,170.2 1 0
homework/internal/usecase/usecase_mock.go:173.95,179.2 5 0
homework/internal/usecase/usecase_mock.go:182.89,185.2 2 0
homework/internal/usecase/usecase_mock.go:188.85,193.2 4 0
homework/internal/usecase/usecase_mock.go:196.88,199.2 2 0
homework/internal/usecase/usecase_mock.go:213.87,217.2 3 4
homework/internal/usecase/usecase_mock.go:220.85,222.2 1 0
homework/internal/usecase/usecase_mock.go:225.121,231.2 5 0
homework/internal/usecase/usecase_mock.go:234.107,237.2 2 0
homework/internal/usecase/usecase_mock.go:240.112,245.2 4 0
homework/internal/usecase/usecase_mock.go:248.109,251.2 2 0
homework/internal/usecase/user.go:14.87,20.2 1 5
homework/internal/usecase/user.go:22.91,23.17 1 1
homework/internal/usecase/user.go:23.17,25.3 1 0
homework/internal/usecase/user.go:27.2,27.21 1 1
homework/internal/usecase/user.go:27.21,29.3 1 0
homework/internal/usecase/user.go:31.2,31.55 1 1
homework/internal/usecase/user.go:31.55,33.3 1 0
homework/internal/usecase/user.go:35.2,35.18 1 1
homework/internal/usecase/user.go:38.86,40.16 2 2
homework/internal/usecase/user.go:40.16,42.3 1 1
homework/internal/usecase/user.go:43.2,43.17 1 1
homework/internal/usecase/user.go:43.17,45.3 1 0
homework/internal/usecase/user.go:47.2,48.16 2 1
homework/internal/usecase/user.go:48.16,50.3 1 0
homework/internal/usecase/user.go:51.2,51.19 1 1
homework/internal/usecase/user.go:51.19,53.3 1 0
homework/internal/usecase/user.go:54.2,59.60 2 1
homework/internal/usecase/user.go:62.91,64.16 2 4
homework/internal/usecase/user.go:64.16,66.3 1 2
homework/internal/usecase/user.go:67.2,67.17 1 2
homework/internal/usecase/user.go:67.17,69.3 1 0
homework/internal/usecase/user.go:71.2,72.16 2 2
homework/internal/usecase/user.go:72.16,74.3 1 0
homework/internal/usecase/user.go:76.2,77.43 2 2
homework/internal/usecase/user.go:77.43,79.17 2 0
homework/internal/usecase/user.go:79.17,81.4 1 0
homework/internal/usecase/user.go:82.3,82.20 1 0
homework/internal/usecase/user.go:82.20,84.4 1 0
homework/internal/usecase/user.go:86.2,86.21 1 2
homework/internal/gateways/http/models.go:60.61,69.2 1 0
homework/internal/gateways/http/models.go:71.56,82.2 1 0
homework/internal/gateways/http/models.go:84.66,86.28 2 0
homework/internal/gateways/http/models.go:86.28,88.3 1 0
homework/internal/gateways/http/models.go:89.2,89.15 1 0
homework/internal/gateways/http/models.go:92.55,96.2 1 0
homework/internal/gateways/http/models.go:98.50,103.2 1 0
homework/internal/gateways/http/models.go:105.58,111.2 1 0
homework/internal/gateways/http/models.go:113.109,115.27 2 0
homework/internal/gateways/http/models.go:115.27,122.3 1 0
homework/internal/gateways/http/models.go:123.2,123.15 1 0
homework/internal/gateways/http/models.go:126.30,128.2 1 0
homework/internal/gateways/http/models.go:130.77,136.2 2 0
homework/internal/gateways/http/router.go:15.68,19.33 3 0
homework/internal/gateways/http/router.go:19.33,21.3 1 0
homework/internal/gateways/http/router.go:23.2,23.34 1 0
homework/internal/gateways/http/router.go:23.34,27.15 3 0
homework/internal/gateways/http/router.go:28.18,29.35 1 0
homework/internal/gateways/http/router.go:30.19,31.44 1 0
homework/internal/gateways/http/router.go:32.17,33.35 1 0
homework/internal/gateways/http/router.go:34.11,35.44 1 0
homework/internal/gateways/http/router.go:35.44,37.5 1 0
homework/internal/gateways/http/router.go:37.10,37.88 1 0
homework/internal/gateways/http/router.go:37.88,39.5 1 0
homework/internal/gateways/http/router.go:42.3,42.27 1 0
homework/internal/gateways/http/router.go:42.27,44.4 1 0
homework/internal/gateways/http/router.go:46.3,46.83 1 0
homework/internal/gateways/http/router.go:49.2,53.38 4 0
homework/internal/gateways/http/router.go:53.38,55.3 1 0
homework/internal/gateways/http/router.go:58.52,60.2 2 0
homework/internal/gateways/http/router.go:60.2,61.45 1 0
homework/internal/gateways/http/router.go:61.45,62.32 1 0
homework/internal/gateways/http/router.go:62.32,64.5 1 0
homework/internal/gateways/http/router.go:66.4,67.54 2 0
homework/internal/gateways/http/router.go:67.54,70.5 2 0
homework/internal/gateways/http/router.go:72.4,72.126 1 0
homework/internal/gateways/http/router.go:72.126,75.5 2 0
homework/internal/gateways/http/router.go:77.4,79.18 3 0
homework/internal/gateways/http/router.go:79.18,82.5 2 0
homework/internal/gateways/http/router.go:84.4,84.32 1 0
homework/internal/gateways/http/router.go:87.3,87.48 1 0
homework/internal/gateways/http/router.go:87.48,89.4 1 0
homework/internal/gateways/http/router.go:93.75,95.2 2 0
homework/internal/gateways/http/router.go:95.2,96.45 1 0
homework/internal/gateways/http/router.go:96.45,97.27 1 0
homework/internal/gateways/http/router.go:97.27,99.5 1 0
homework/internal/gateways/http/router.go:101.4,102.18 2 0
homework/internal/gateways/http/router.go:102.18,105.5 2 0
homework/internal/gateways/http/router.go:107.4,107.53 1 0
homework/internal/gateways/http/router.go:110.3,110.46 1 0
homework/internal/gateways/http/router.go:110.46,111.27 1 0
homework/internal/gateways/http/router.go:111.27,113.5 1 0
homework/internal/gateways/http/router.go:115.4,116.18 2 0
homework/internal/gateways/http/router.go:116.18,119.5 2 0
homework/internal/gateways/http/router.go:121.4,122.27 2 0
homework/internal/gateways/http/router.go:125.3,125.46 1 0
homework/internal/gateways/http/router.go:125.46,126.32 1 0
homework/internal/gateways/http/router.go:126.32,128.5 1 0
homework/internal/gateways/http/router.go:130.4,131.58 2 0
homework/internal/gateways/http/router.go:131.58,134.5 2 0
homework/internal/gateways/http/router.go:136.4,136.44 1 0
homework/internal/gateways/http/router.go:136.44,138.5 1 0
homework/internal/gateways/http/router.go:140.4,142.18 3 0
homework/internal/gateways/http/router.go:142.18,145.5 2 0
homework/internal/gateways/http/router.go:147.4,147.51 1 0
homework/internal/gateways/http/router.go:150.3,150.49 1 0
homework/internal/gateways/http/router.go:150.49,152.4 1 0
homework/internal/gateways/http/router.go:154.3,154.46 1 0
homework/internal/gateways/http/router.go:158.84,159.45 1 0
homework/internal/gateways/http/router.go:159.45,160.26 1 0
homework/internal/gateways/http/router.go:160.26,162.4 1 0
homework/internal/gateways/http/router.go:164.3,165.17 2 0
homework/internal/gateways/http/router.go:165.17,168.4 2 0
homework/internal/gateways/http/router.go:170.3,171.17 2 0
homework/internal/gateways/http/router.go:171.17,174.4 2 0
homework/internal/gateways/http/router.go:176.3,176.50 1 0
homework/internal/gateways/http/router.go:179.2,179.46 1 0
homework/internal/gateways/http/router.go:179.46,180.26 1 0
homework/internal/gateways/http/router.go:180.26,182.4 1 0
homework/internal/gateways/http/router.go:183.3,184.17 2 0
homework/internal/gateways/http/router.go:184.17,187.4 2 0
homework/internal/gateways/http/router.go:189.3,190.17 2 0
homework/internal/gateways/http/router.go:190.17,193.4 2 0
homework/internal/gateways/http/router.go:195.3,196.26 2 0
homework/internal/gateways/http/router.go:199.2,199.52 1 0
homework/internal/gateways/http/router.go:199.52,201.17 2 0
homework/internal/gateways/http/router.go:201.17,204.4 2 0
homework/internal/gateways/http/router.go:206.3,207.17 2 0
homework/internal/gateways/http/router.go:207.17,209.4 1 0
homework/internal/gateways/http/router.go:212.2,212.53 1 0
homework/internal/gateways/http/router.go:212.53,213.26 1 0
homework/internal/gateways/http/router.go:213.26,215.4 1 0
homework/internal/gateways/http/router.go:217.3,218.17 2 0
homework/internal/gateways/http/router.go:218.17,221.4 2 0
homework/internal/gateways/http/router.go:223.3,229.25 5 0
homework/internal/gateways/http/router.go:229.25,231.23 2 0
homework/internal/gateways/http/router.go:231.23,234.5 2 0
homework/internal/gateways/http/router.go:237.3,237.23 1 0
homework/internal/gateways/http/router.go:237.23,239.23 2 0
homework/internal/gateways/http/router.go:239.23,242.5 2 0
homework/internal/gateways/http/router.go:245.3,245.23 1 0
homework/internal/gateways/http/router.go:245.23,247.4 1 0
homework/internal/gateways/http/router.go:249.3,249.25 1 0
homework/internal/gateways/http/router.go:249.25,251.4 1 0
homework/internal/gateways/http/router.go:253.3,254.17 2 0
homework/internal/gateways/http/router.go:254.17,257.4 2 0
homework/internal/gateways/http/router.go:259.3,259.82 1 0
homework/internal/gateways/http/router.go:262.2,262.49 1 0
homework/internal/gateways/http/router.go:262.49,264.3 1 0
homework/internal/gateways/http/router.go:266.2,266.57 1 0
homework/internal/gateways/http/router.go:266.57,268.3 1 0
homework/internal/gateways/http/router.go:271.51,273.2 2 0
homework/internal/gateways/http/router.go:273.2,274.44 1 0
homework/internal/gateways/http/router.go:274.44,275.32 1 0
homework/internal/gateways/http/router.go:275.32,277.5 1 0
homework/internal/gateways/http/router.go:279.4,280.56 2 0
homework/internal/gateways/http/router.go:280.56,283.5 2 0
homework/internal/gateways/http/router.go:285.4,285.29 1 0
homework/internal/gateways/http/router.go:285.29,288.5 2 0
homework/internal/gateways/http/router.go:290.4,292.18 3 0
homework/internal/gateways/http/router.go:292.18,295.5 2 0
homework/internal/gateways/http/router.go:297.4,297.49 1 0
homework/internal/gateways/http/router.go:300.3,300.47 1 0
homework/internal/gateways/http/router.go:300.47,302.4 1 0
homework/internal/gateways/http/router.go:304.3,304.41 1 0
homework/internal/gateways/http/router.go:308.63,310.2 2 0
homework/internal/gateways/http/router.go:310.2,311.49 1 0
homework/internal/gateways/http/router.go:311.49,312.27 1 0
homework/internal/gateways/http/router.go:312.27,314.5 1 0
homework/internal/gateways/http/router.go:316.4,317.18 2 0
homework/internal/gateways/http/router.go:317.18,320.5 2 0
homework/internal/gateways/http/router.go:322.4,323.18 2 0
homework/internal/gateways/http/router.go:323.18,324.99 1 0
homework/internal/gateways/http/router.go:324.99,327.6 2 0
homework/internal/gateways/http/router.go:328.5,329.11 2 0
homework/internal/gateways/http/router.go:332.4,332.53 1 0
homework/internal/gateways/http/router.go:335.3,335.50 1 0
homework/internal/gateways/http/router.go:335.50,336.27 1 0
homework/internal/gateways/http/router.go:336.27,338.5 1 0
homework/internal/gateways/http/router.go:340.4,341.18 2 0
homework/internal/gateways/http/router.go:341.18,344.5 2 0
homework/internal/gateways/http/router.go:346.4,347.18 2 0
homework/internal/gateways/http/router.go:347.18,348.99 1 0
homework/internal/gateways/http/router.go:348.99,351.6 2 0
homework/internal/gateways/http/router.go:352.5,353.11 2 0
homework/internal/gateways/http/router.go:356.4,357.27 2 0
homework/internal/gateways/http/router.go:360.3,360.50 1 0
homework/internal/gateways/http/router.go:360.50,361.32 1 0
homework/internal/gateways/http/router.go:361.32,363.5 1 0
homework/internal/gateways/http/router.go:365.4,366.18 2 0
homework/internal/gateways/http/router.go:366.18,369.5 2 0
homework/internal/gateways/http/router.go:371.4,372.53 2 0
homework/internal/gateways/http/router.go:372.53,375.5 2 0
homework/internal/gateways/http/router.go:377.4,377.29 1 0
homework/internal/gateways/http/router.go:377.29,380.5 2 0
homework/internal/gateways/http/router.go:382.4,383.18 2 0
homework/internal/gateways/http/router.go:383.18,384.99 1 0
homework/internal/gateways/http/router.go:384.99,387.6 2 0
homework/internal/gateways/http/router.go:388.5,389.11 2 0
homework/internal/gateways/http/router.go:392.4,392.32 1 0
homework/internal/gateways/http/router.go:395.3,395.53 1 0
homework/internal/gateways/http/router.go:395.53,397.4 1 0
homework/internal/gateways/http/router.go:401.48,403.56 2 0
homework/internal/gateways/http/router.go:403.56,406.3 2 0
homework/internal/gateways/http/router.go:407.2,407.13 1 0
homework/internal/gateways/http/router.go:410.43,412.31 2 0
homework/internal/gateways/http/router.go:412.31,415.3 2 0
homework/internal/gateways/http/router.go:416.2,416.13 1 0
homework/internal/gateways/http/router.go:419.74,420.100 1 0
homework/internal/gateways/http/router.go:420.100,423.3 2 0
homework/internal/gateways/http/router.go:424.2,424.30 1 0
homework/internal/gateways/http/router.go:424.30,427.3 2 0
homework/internal/gateways/http/router.go:428.2,428.13 1 0
homework/internal/gateways/http/router.go:431.53,434.2 2 0
homework/internal/gateways/http/router.go:436.57,439.2 2 0
homework/internal/gateways/http/router.go:441.31,442.22 1 0
homework/internal/gateways/http/router.go:442.22,443.25 1 0
homework/internal/gateways/http/router.go:443.25,445.4 1 0
homework/internal/gateways/http/router.go:447.2,447.13 1 0
homework/internal/gateways/http/router.go:450.43,451.18 1 0
homework/internal/gateways/http/router.go:451.18,453.3 1 0
homework/internal/gateways/http/router.go:454.2,454.88 1 0
homework/internal/gateways/http/router.go:457.45,458.9 1 0
homework/internal/gateways/http/router.go:459.138,460.66 1 0
homework/internal/gateways/http/router.go:464.52,465.77 1 0
homework/internal/gateways/http/router.go:466.10,467.89 1 0
homework/internal/gateways/http/router.go:471.55,472.9 1 0
homework/internal/gateways/http/router.go:473.138,474.32 1 0
homework/internal/gateways/http/router.go:478.52,479.43 1 0
homework/internal/gateways/http/router.go:480.10,481.43 1 0
homework/internal/gateways/http/server.go:23.69,28.28 4 0
homework/internal/gateways/http/server.go:28.28,30.3 1 0
homework/internal/gateways/http/server.go:32.2,32.10 1 0
homework/internal/gateways/http/server.go:35.42,36.25 1 0
homework/internal/gateways/http/server.go:36.25,38.3 1 0
homework/internal/gateways/http/server.go:41.42,42.25 1 0
homework/internal/gateways/http/server.go:42.25,44.3 1 0
homework/internal/gateways/http/server.go:47.47,49.2 1 0
homework/internal/gateways/http/websocket.go:22.63,27.2 1 0
homework/internal/gateways/http/websocket.go:29.67,31.16 2 0
homework/internal/gateways/http/websocket.go:31.16,32.48 1 0
homework/internal/gateways/http/websocket.go:32.48,34.4 1 0
homework/internal/gateways/http/websocket.go:34.9,36.4 1 0
homework/internal/gateways/http/websocket.go:37.3,37.13 1 0
homework/internal/gateways/http/websocket.go:40.2,43.16 2 0
homework/internal/gateways/http/websocket.go:43.16,45.3 1 0
homework/internal/gateways/http/websocket.go:47.2,53.12 5 0
homework/internal/gateways/http/websocket.go:53.12,54.16 1 0
homework/internal/gateways/http/websocket.go:54.16,60.4 5 0
homework/internal/gateways/http/websocket.go:62.3,62.7 1 0
homework/internal/gateways/http/websocket.go:62.7,64.18 2 0
homework/internal/gateways/http/websocket.go:64.18,65.10 1 0
homework/internal/gateways/http/websocket.go:69.2,69.12 1 0
homework/internal/gateways/http/websocket.go:69.12,70.10 1 0
homework/internal/gateways/http/websocket.go:71.21,72.10 1 0
homework/internal/gateways/http/websocket.go:73.45,73.45 0 0
homework/internal/gateways/http/websocket.go:76.3,76.10 1 0
homework/internal/gateways/http/websocket.go:77.21,78.10 1 0
homework/internal/gateways/http/websocket.go:79.11,81.38 2 0
homework/internal/gateways/http/websocket.go:81.38,83.5 1 0
homework/internal/gateways/http/websocket.go:85.4,86.11 2 0
homework/internal/gateways/http/websocket.go:87.22,88.11 1 0
homework/internal/gateways/http/websocket.go:89.12,90.70 1 0
homework/internal/gateways/http/websocket.go:95.2,95.12 1 0
homework/internal/gateways/http/websocket.go:98.45,104.28 5 0
homework/internal/gateways/http/websocket.go:104.28,106.3 1 0
homework/internal/gateways/http/websocket.go:107.2,111.29 4 0
homework/internal/gateways/http/websocket.go:111.29,113.30 2 0
homework/internal/gateways/http/websocket.go:113.30,117.4 3 0
homework/internal/gateways/http/websocket.go:120.2,121.12 2 0
homework/internal/gateways/http/websocket.go:121.12,124.3 2 0
homework/internal/gateways/http/websocket.go:126.2,126.9 1 0
homework/internal/gateways/http/websocket.go:127.20,128.19 1 0
homework/internal/gateways/http/websocket.go:129.14,130.13 1 0
homework/internal/repository/event/inmemory/event.go:17.44,21.2 1 0
homework/internal/repository/event/inmemory/event.go:23.85,24.18 1 0
homework/internal/repository/event/inmemory/event.go:24.18,26.3 1 0
homework/internal/repository/event/inmemory/event.go:28.2,28.34 1 0
homework/internal/repository/event/inmemory/event.go:28.34,30.3 1 0
homework/internal/repository/event/inmemory/event.go:32.2,35.12 4 0
homework/internal/repository/event/inmemory/event.go:38.104,39.34 1 0
homework/internal/repository/event/inmemory/event.go:39.34,41.3 1 0
homework/internal/repository/event/inmemory/event.go:43.2,47.33 4 0
homework/internal/repository/event/inmemory/event.go:47.33,49.3 1 0
homework/internal/repository/event/inmemory/event.go:51.2,53.31 3 0
homework/internal/repository/event/inmemory/event.go:53.31,54.62 1 0
homework/internal/repository/event/inmemory/event.go:54.62,57.4 2 0
homework/internal/repository/event/inmemory/event.go:60.2,60.25 1 0
homework/internal/repository/event/inmemory/event.go:63.139,64.34 1 0
homework/internal/repository/event/inmemory/event.go:64.34,66.3 1 0
homework/internal/repository/event/inmemory/event.go:68.2,72.33 4 0
homework/internal/repository/event/inmemory/event.go:72.33,74.3 1 0
homework/internal/repository/event/inmemory/event.go:76.2,77.31 2 0
homework/internal/repository/event/inmemory/event.go:77.31,79.72 1 0
homework/internal/repository/event/inmemory/event.go:79.72,81.4 1 0
homework/internal/repository/event/inmemory/event.go:84.2,84.20 1 0
homework/internal/repository/sensor/inmemory/sensor.go:19.46,25.2 1 0
homework/internal/repository/sensor/inmemory/sensor.go:27.89,28.19 1 0
homework/internal/repository/sensor/inmemory/sensor.go:28.19,30.3 1 0
homework/internal/repository/sensor/inmemory/sensor.go:32.2,32.34 1 0
homework/internal/repository/sensor/inmemory/sensor.go:32.34,34.3 1 0
homework/internal/repository/sensor/inmemory/sensor.go:36.2,39.100 3 0
homework/internal/repository/sensor/inmemory/sensor.go:39.100,41.3 1 0
homework/internal/repository/sensor/inmemory/sensor.go:42.2,42.20 1 0
homework/internal/repository/sensor/inmemory/sensor.go:42.20,46.35 3 0
homework/internal/repository/sensor/inmemory/sensor.go:46.35,48.4 1 0
homework/internal/repository/sensor/inmemory/sensor.go:52.2,55.12 3 0
homework/internal/repository/sensor/inmemory/sensor.go:58.85,59.34 1 0
homework/internal/repository/sensor/inmemory/sensor.go:59.34,61.3 1 0
homework/internal/repository/sensor/inmemory/sensor.go:63.2,67.35 4 0
homework/internal/repository/sensor/inmemory/sensor.go:67.35,69.3 1 0
homework/internal/repository/sensor/inmemory/sensor.go:71.2,71.21 1 0
homework/internal/repository/sensor/inmemory/sensor.go:74.97,75.34 1 0
homework/internal/repository/sensor/inmemory/sensor.go:75.34,77.3 1 0
homework/internal/repository/sensor/inmemory/sensor.go:79.2,83.9 4 0
homework/internal/repository/sensor/inmemory/sensor.go:83.9,85.3 1 0
homework/internal/repository/sensor/inmemory/sensor.go:87.2,87.20 1 0
homework/internal/repository/sensor/inmemory/sensor.go:90.108,91.34 1 0
homework/internal/repository/sensor/inmemory/sensor.go:91.34,93.3 1 0
homework/internal/repository/sensor/inmemory/sensor.go:95.2,99.9 4 0
homework/internal/repository/sensor/inmemory/sensor.go:99.9,101.3 1 0
homework/internal/repository/sensor/inmemory/sensor.go:103.2,103.20 1 0
homework/internal/repository/user/inmemory/sensor_owner.go:14.56,18.2 1 8
homework/internal/repository/user/inmemory/sensor_owner.go:20.108,21.9 1 1008
homework/internal/repository/user/inmemory/sensor_owner.go:22.20,23.19 1 2
homework/internal/repository/user/inmemory/sensor_owner.go:24.10,24.10 0 1006
homework/internal/repository/user/inmemory/sensor_owner.go:27.2,30.9 3 1006
homework/internal/repository/user/inmemory/sensor_owner.go:31.20,32.19 1 0
homework/internal/repository/user/inmemory/sensor_owner.go:33.10,33.10 0 1006
homework/internal/repository/user/inmemory/sensor_owner.go:36.2,37.13 2 1006
homework/internal/repository/user/inmemory/sensor_owner.go:37.13,39.3 1 1004
homework/internal/repository/user/inmemory/sensor_owner.go:41.2,42.12 2 1006
homework/internal/repository/user/inmemory/sensor_owner.go:45.117,46.9 1 6
homework/internal/repository/user/inmemory/sensor_owner.go:47.20,48.24 1 2
homework/internal/repository/user/inmemory/sensor_owner.go:49.10,49.10 0 4
homework/internal/repository/user/inmemory/sensor_owner.go:52.2,55.9 3 4
homework/internal/repository/user/inmemory/sensor_owner.go:56.20,57.24 1 0
homework/internal/repository/user/inmemory/sensor_owner.go:58.10,58.10 0 4
homework/internal/repository/user/inmemory/sensor_owner.go:61.2,62.13 2 4
homework/internal/repository/user/inmemory/sensor_owner.go:62.13,64.3 1 1
homework/internal/repository/user/inmemory/sensor_owner.go:66.2,67.42 2 3
homework/internal/repository/user/inmemory/sensor_owner.go:67.42,69.3 1 5
homework/internal/repository/user/inmemory/sensor_owner.go:70.2,70.20 1 3
homework/internal/repository/user/inmemory/user.go:17.42,21.2 1 5
homework/internal/repository/user/inmemory/user.go:23.81,24.9 1 1004
homework/internal/repository/user/inmemory/user.go:25.20,26.19 1 2
homework/internal/repository/user/inmemory/user.go:27.10,27.10 0 1002
homework/internal/repository/user/inmemory/user.go:29.2,29.17 1 1002
homework/internal/repository/user/inmemory/user.go:29.17,31.3 1 1
homework/internal/repository/user/inmemory/user.go:33.2,36.9 3 1001
homework/internal/repository/user/inmemory/user.go:37.20,38.19 1 0
homework/internal/repository/user/inmemory/user.go:39.10,39.10 0 1001
homework/internal/repository/user/inmemory/user.go:42.2,42.18 1 1001
homework/internal/repository/user/inmemory/user.go:42.18,44.27 2 1001
homework/internal/repository/user/inmemory/user.go:44.27,45.18 1 499500
homework/internal/repository/user/inmemory/user.go:45.18,47.5 1 8588
homework/internal/repository/user/inmemory/user.go:49.3,49.22 1 1001
homework/internal/repository/user/inmemory/user.go:51.2,52.12 2 1001
homework/internal/repository/user/inmemory/user.go:55.91,56.9 1 0
homework/internal/repository/user/inmemory/user.go:57.20,58.24 1 0
homework/internal/repository/user/inmemory/user.go:59.10,59.10 0 0
homework/internal/repository/user/inmemory/user.go:62.2,65.9 3 0
homework/internal/repository/user/inmemory/user.go:66.20,67.24 1 0
homework/internal/repository/user/inmemory/user.go:68.10,68.10 0 0
homework/internal/repository/user/inmemory/user.go:71.2,72.13 2 0
homework/internal/repository/user/inmemory/user.go:72.13,74.3 1 0
homework/internal/repository/user/inmemory/user.go:76.2,76.18 1 0
homework/internal/usecase/event.go:14.63,19.2 1 0
homework/internal/usecase/event.go:21.78,22.30 1 0
homework/internal/usecase/event.go:22.30,24.3 1 0
homework/internal/usecase/event.go:26.2,27.16 2 0
homework/internal/usecase/event.go:27.16,29.3 1 0
homework/internal/usecase/event.go:30.2,30.19 1 0
homework/internal/usecase/event.go:30.19,32.3 1 0
homework/internal/usecase/event.go:34.2,36.58 2 0
homework/internal/usecase/event.go:36.58,38.3 1 0
homework/internal/usecase/event.go:39.2,42.45 3 0
homework/internal/usecase/event.go:45.94,47.16 2 0
homework/internal/usecase/event.go:47.16,49.3 1 0
homework/internal/usecase/event.go:50.2,50.18 1 0
homework/internal/usecase/event.go:50.18,52.3 1 0
homework/internal/usecase/event.go:53.2,53.19 1 0
homework/internal/usecase/event.go:56.119,58.16 2 0
homework/internal/usecase/event.go:58.16,60.3 1 0
homework/internal/usecase/event.go:61.2,61.19 1 0
homework/internal/usecase/event.go:61.19,63.3 1 0
homework/internal/usecase/event.go:65.2,67.9 1 0
homework/internal/usecase/event.go:67.9,69.3 1 0
homework/internal/usecase/event.go:71.2,71.30 1 0
homework/internal/usecase/sensor.go:14.45,18.2 1 0
homework/internal/usecase/sensor.go:20.49,21.19 1 0
homework/internal/usecase/sensor.go:21.19,23.3 1 0
homework/internal/usecase/sensor.go:25.2,26.14 2 0
homework/internal/usecase/sensor.go:26.14,28.3 1 0
homework/internal/usecase/sensor.go:30.2,30.91 1 0
homework/internal/usecase/sensor.go:30.91,32.3 1 0
homework/internal/usecase/sensor.go:34.2,34.12 1 0
homework/internal/usecase/sensor.go:37.101,38.46 1 0
homework/internal/usecase/sensor.go:38.46,40.3 1 0
homework/internal/usecase/sensor.go:42.2,44.54 2 0
homework/internal/usecase/sensor.go:44.54,46.3 1 0
homework/internal/usecase/sensor.go:48.2,48.27 1 0
homework/internal/usecase/sensor.go:48.27,50.3 1 0
homework/internal/usecase/sensor.go:52.2,52.61 1 0
homework/internal/usecase/sensor.go:52.61,54.3 1 0
homework/internal/usecase/sensor.go:56.2,56.20 1 0
homework/internal/usecase/sensor.go:59.75,61.16 2 0
homework/internal/usecase/sensor.go:61.16,63.3 1 0
homework/internal/usecase/sensor.go:65.2,65.21 1 0
homework/internal/usecase/sensor.go:68.87,70.16 2 0
homework/internal/usecase/sensor.go:70.16,72.3 1 0
homework/internal/usecase/sensor.go:73.2,73.19 1 0
homework/internal/usecase/sensor.go:73.19,75.3 1 0
homework/internal/usecase/sensor.go:77.2,77.20 1 0
homework/internal/usecase/usecase_mock.go:27.77,31.2 3 0
homework/internal/usecase/usecase_mock.go:34.75,36.2 1 0
homework/internal/usecase/usecase_mock.go:39.101,45.2 5 0
homework/internal/usecase/usecase_mock.go:48.93,51.2 2 0
homework/internal/usecase/usecase_mock.go:54.112,60.2 5 0
homework/internal/usecase/usecase_mock.go:63.103,66.2 2 0
homework/internal/usecase/usecase_mock.go:69.89,75.2 5 0
homework/internal/usecase/usecase_mock.go:78.86,81.2 2 0
homework/internal/usecase/usecase_mock.go:84.93,89.2 4 0
homework/internal/usecase/usecase_mock.go:92.94,95.2 2 0
homework/internal/usecase/usecase_mock.go:109.75,113.2 3 0
homework/internal/usecase/usecase_mock.go:116.73,118.2 1 0
homework/internal/usecase/usecase_mock.go:121.108,127.2 5 0
homework/internal/usecase/usecase_mock.go:130.101,133.2 2 0
homework/internal/usecase/usecase_mock.go:136.89,141.2 4 0
homework/internal/usecase/usecase_mock.go:144.91,147.2 2 0
homework/internal/usecase/usecase_mock.go:161.73,165.2 3 0
homework/internal/usecase/usecase_mock.go:168.71,170.2 1 0
homework/internal/usecase/usecase_mock.go:173.95,179.2 5 0
homework/internal/usecase/usecase_mock.go:182.89,185.2 2 0
homework/internal/usecase/usecase_mock.go:188.85,193.2 4 0
homework/internal/usecase/usecase_mock.go:196.88,199.2 2 0
homework/internal/usecase/usecase_mock.go:213.87,217.2 3 0
homework/internal/usecase/usecase_mock.go:220.85,222.2 1 0
homework/internal/usecase/usecase_mock.go:225.121,231.2 5 0
homework/internal/usecase/usecase_mock.go:234.107,237.2 2 0
homework/internal/usecase/usecase_mock.go:240.112,245.2 4 0
homework/internal/usecase/usecase_mock.go:248.109,251.2 2 0
homework/internal/usecase/user.go:14.87,20.2 1 0
homework/internal/usecase/user.go:22.91,23.17 1 0
homework/internal/usecase/user.go:23.17,25.3 1 0
homework/internal/usecase/user.go:27.2,27.21 1 0
homework/internal/usecase/user.go:27.21,29.3 1 0
homework/internal/usecase/user.go:31.2,31.55 1 0
homework/internal/usecase/user.go:31.55,33.3 1 0
homework/internal/usecase/user.go:35.2,35.18 1 0
homework/internal/usecase/user.go:38.86,40.16 2 0
homework/internal/usecase/user.go:40.16,42.3 1 0
homework/internal/usecase/user.go:43.2,43.17 1 0
homework/internal/usecase/user.go:43.17,45.3 1 0
homework/internal/usecase/user.go:47.2,48.16 2 0
homework/internal/usecase/user.go:48.16,50.3 1 0
homework/internal/usecase/user.go:51.2,51.19 1 0
homework/internal/usecase/user.go:51.19,53.3 1 0
homework/internal/usecase/user.go:54.2,59.60 2 0
homework/internal/usecase/user.go:62.91,64.16 2 0
homework/internal/usecase/user.go:64.16,66.3 1 0
homework/internal/usecase/user.go:67.2,67.17 1 0
homework/internal/usecase/user.go:67.17,69.3 1 0
homework/internal/usecase/user.go:71.2,72.16 2 0
homework/internal/usecase/user.go:72.16,74.3 1 0
homework/internal/usecase/user.go:76.2,77.43 2 0
homework/internal/usecase/user.go:77.43,79.17 2 0
homework/internal/usecase/user.go:79.17,81.4 1 0
homework/internal/usecase/user.go:82.3,82.20 1 0
homework/internal/usecase/user.go:82.20,84.4 1 0
homework/internal/usecase/user.go:86.2,86.21 1 0
homework/internal/gateways/http/models.go:60.61,69.2 1 0
homework/internal/gateways/http/models.go:71.56,82.2 1 0
homework/internal/gateways/http/models.go:84.66,86.28 2 0
homework/internal/gateways/http/models.go:86.28,88.3 1 0
homework/internal/gateways/http/models.go:89.2,89.15 1 0
homework/internal/gateways/http/models.go:92.55,96.2 1 0
homework/internal/gateways/http/models.go:98.50,103.2 1 0
homework/internal/gateways/http/models.go:105.58,111.2 1 0
homework/internal/gateways/http/models.go:113.109,115.27 2 0
homework/internal/gateways/http/models.go:115.27,122.3 1 0
homework/internal/gateways/http/models.go:123.2,123.15 1 0
homework/internal/gateways/http/models.go:126.30,128.2 1 0
homework/internal/gateways/http/models.go:130.77,136.2 2 0
homework/internal/gateways/http/router.go:15.68,19.33 3 0
homework/internal/gateways/http/router.go:19.33,21.3 1 0
homework/internal/gateways/http/router.go:23.2,23.34 1 0
homework/internal/gateways/http/router.go:23.34,27.15 3 0
homework/internal/gateways/http/router.go:28.18,29.35 1 0
homework/internal/gateways/http/router.go:30.19,31.44 1 0
homework/internal/gateways/http/router.go:32.17,33.35 1 0
homework/internal/gateways/http/router.go:34.11,35.44 1 0
homework/internal/gateways/http/router.go:35.44,37.5 1 0
homework/internal/gateways/http/router.go:37.10,37.88 1 0
homework/internal/gateways/http/router.go:37.88,39.5 1 0
homework/internal/gateways/http/router.go:42.3,42.27 1 0
homework/internal/gateways/http/router.go:42.27,44.4 1 0
homework/internal/gateways/http/router.go:46.3,46.83 1 0
homework/internal/gateways/http/router.go:49.2,53.38 4 0
homework/internal/gateways/http/router.go:53.38,55.3 1 0
homework/internal/gateways/http/router.go:58.52,60.2 2 0
homework/internal/gateways/http/router.go:60.2,61.45 1 0
homework/internal/gateways/http/router.go:61.45,62.32 1 0
homework/internal/gateways/http/router.go:62.32,64.5 1 0
homework/internal/gateways/http/router.go:66.4,67.54 2 0
homework/internal/gateways/http/router.go:67.54,70.5 2 0
homework/internal/gateways/http/router.go:72.4,72.126 1 0
homework/internal/gateways/http/router.go:72.126,75.5 2 0
homework/internal/gateways/http/router.go:77.4,79.18 3 0
homework/internal/gateways/http/router.go:79.18,82.5 2 0
homework/internal/gateways/http/router.go:84.4,84.32 1 0
homework/internal/gateways/http/router.go:87.3,87.48 1 0
homework/internal/gateways/http/router.go:87.48,89.4 1 0
homework/internal/gateways/http/router.go:93.75,95.2 2 0
homework/internal/gateways/http/router.go:95.2,96.45 1 0
[...]
homework/internal/gateways/http/router.go:239.23,242.5 2 0
homework/internal/gateways/http/router.go:245.3,245.23 1 0
homework/internal/gateways/http/router.go:245.23,247.4 1 0
homework/internal/gateways/http/router.go:249.3,249.25 1 0
homework/internal/gateways/http/router.go:249.25,251.4 1 0
homework/internal/gateways/http/router.go:253.3,254.17 2 0
homework/internal/gateways/http/router.go:254.17,257.4 2 0
homework/internal/gateways/http/router.go:259.3,259.82 1 0
homework/internal/gateways/http/router.go:262.2,262.49 1 0
homework/internal/gateways/http/router.go:262.49,264.3 1 0
homework/internal/gateways/http/router.go:266.2,266.57 1 0
homework/internal/gateways/http/router.go:266.57,268.3 1 0
homework/internal/gateways/http/router.go:271.51,273.2 2 0
homework/internal/gateways/http/router.go:273.2,274.44 1 0
homework/internal/gateways/http/router.go:274.44,275.32 1 0
homework/internal/gateways/http/router.go:275.32,277.5 1 0
homework/internal/gateways/http/router.go:279.4,280.56 2 0
homework/internal/gateways/http/router.go:280.56,283.5 2 0
homework/internal/gateways/http/router.go:285.4,285.29 1 0
homework/internal/gateways/http/router.go:285.29,288.5 2 0
homework/internal/gateways/http/router.go:290.4,292.18 3 0
homework/internal/gateways/http/router.go:292.18,295.5 2 0
homework/internal/gateways/http/router.go:297.4,297.49 1 0
homework/internal/gateways/http/router.go:300.3,300.47 1 0
homework/internal/gateways/http/router.go:300.47,302.4 1 0
homework/internal/gateways/http/router.go:304.3,304.41 1 0
homework/internal/gateways/http/router.go:308.63,310.2 2 0
homework/internal/gateways/http/router.go:310.2,311.49 1 0
homework/internal/gateways/http/router.go:311.49,312.27 1 0
homework/internal/gateways/http/router.go:312.27,314.5 1 0
homework/internal/gateways/http/router.go:316.4,317.18 2 0
homework/internal/gateways/http/router.go:317.18,320.5 2 0
homework/internal/gateways/http/router.go:322.4,323.18 2 0
homework/internal/gateways/http/router.go:323.18,324.99 1 0
homework/internal/gateways/http/router.go:324.99,327.6 2 0
homework/internal/gateways/http/router.go:328.5,329.11 2 0
homework/internal/gateways/http/router.go:332.4,332.53 1 0
homework/internal/gateways/http/router.go:335.3,335.50 1 0
homework/internal/gateways/http/router.go:335.50,336.27 1 0
homework/internal/gateways/http/router.go:336.27,338.5 1 0
homework/internal/gateways/http/router.go:340.4,341.18 2 0
homework/internal/gateways/http/router.go:341.18,344.5 2 0
homework/internal/gateways/http/router.go:346.4,347.18 2 0
homework/internal/gateways/http/router.go:347.18,348.99 1 0
homework/internal/gateways/http/router.go:348.99,351.6 2 0
homework/internal/gateways/http/router.go:352.5,353.11 2 0
homework/internal/gateways/http/router.go:356.4,357.27 2 0
homework/internal/gateways/http/router.go:360.3,360.50 1 0
homework/internal/gateways/http/router.go:360.50,361.32 1 0
homework/internal/gateways/http/router.go:361.32,363.5 1 0
homework/internal/gateways/http/router.go:365.4,366.18 2 0
homework/internal/gateways/http/router.go:366.18,369.5 2 0
homework/internal/gateways/http/router.go:371.4,372.53 2 0
homework/internal/gateways/http/router.go:372.53,375.5 2 0
homework/internal/gateways/http/router.go:377.4,377.29 1 0
homework/internal/gateways/http/router.go:377.29,380.5 2 0
homework/internal/gateways/http/router.go:382.4,383.18 2 0
homework/internal/gateways/http/router.go:383.18,384.99 1 0
homework/internal/gateways/http/router.go:384.99,387.6 2 0
homework/internal/gateways/http/router.go:388.5,389.11 2 0
homework/internal/gateways/http/router.go:392.4,392.32 1 0
homework/internal/gateways/http/router.go:395.3,395.53 1 0
homework/internal/gateways/http/router.go:395.53,397.4 1 0
homework/internal/gateways/http/router.go:401.48,403.56 2 0
homework/internal/gateways/http/router.go:403.56,406.3 2 0
homework/internal/gateways/http/router.go:407.2,407.13 1 0
homework/internal/gateways/http/router.go:410.43,412.31 2 0
homework/internal/gateways/http/router.go:412.31,415.3 2 0
homework/internal/gateways/http/router.go:416.2,416.13 1 0
homework/internal/gateways/http/router.go:419.74,420.100 1 0
homework/internal/gateways/http/router.go:420.100,423.3 2 0
homework/internal/gateways/http/router.go:424.2,424.30 1 0
homework/internal/gateways/http/router.go:424.30,427.3 2 0
homework/internal/gateways/http/router.go:428.2,428.13 1 0
homework/internal/gateways/http/router.go:431.53,434.2 2 0
homework/internal/gateways/http/router.go:436.57,439.2 2 0
homework/internal/gateways/http/router.go:441.31,442.22 1 0
homework/internal/gateways/http/router.go:442.22,443.25 1 0
homework/internal/gateways/http/router.go:443.25,445.4 1 0
homework/internal/gateways/http/router.go:447.2,447.13 1 0
homework/internal/gateways/http/router.go:450.43,451.18 1 0
homework/internal/gateways/http/router.go:451.18,453.3 1 0
homework/internal/gateways/http/router.go:454.2,454.88 1 0
homework/internal/gateways/http/router.go:457.45,458.9 1 0
homework/internal/gateways/http/router.go:459.138,460.66 1 0
homework/internal/gateways/http/router.go:464.52,465.77 1 0
homework/internal/gateways/http/router.go:466.10,467.89 1 0
homework/internal/gateways/http/router.go:471.55,472.9 1 0
homework/internal/gateways/http/router.go:473.138,474.32 1 0
homework/internal/gateways/http/router.go:478.52,479.43 1 0
homework/internal/gateways/http/router.go:480.10,481.43 1 0
homework/internal/gateways/http/server.go:23.69,28.28 4 0
homework/internal/gateways/http/server.go:28.28,30.3 1 0
homework/internal/gateways/http/server.go:32.2,32.10 1 0
homework/internal/gateways/http/server.go:35.42,36.25 1 0
homework/internal/gateways/http/server.go:36.25,38.3 1 0
homework/internal/gateways/http/server.go:41.42,42.25 1 0
homework/internal/gateways/http/server.go:42.25,44.3 1 0
homework/internal/gateways/http/server.go:47.47,49.2 1 0
homework/internal/gateways/http/websocket.go:22.63,27.2 1 0
homework/internal/gateways/http/websocket.go:29.67,31.16 2 0
homework/internal/gateways/http/websocket.go:31.16,32.48 1 0
homework/internal/gateways/http/websocket.go:32.48,34.4 1 0
homework/internal/gateways/http/websocket.go:34.9,36.4 1 0
homework/internal/gateways/http/websocket.go:37.3,37.13 1 0
homework/internal/gateways/http/websocket.go:40.2,43.16 2 0
homework/internal/gateways/http/websocket.go:43.16,45.3 1 0
homework/internal/gateways/http/websocket.go:47.2,53.12 5 0
homework/internal/gateways/http/websocket.go:53.12,54.16 1 0
homework/internal/gateways/http/websocket.go:54.16,60.4 5 0
homework/internal/gateways/http/websocket.go:62.3,62.7 1 0
homework/internal/gateways/http/websocket.go:62.7,64.18 2 0
homework/internal/gateways/http/websocket.go:64.18,65.10 1 0
homework/internal/gateways/http/websocket.go:69.2,69.12 1 0
homework/internal/gateways/http/websocket.go:69.12,70.10 1 0
homework/internal/gateways/http/websocket.go:71.21,72.10 1 0
homework/internal/gateways/http/websocket.go:73.45,73.45 0 0
homework/internal/gateways/http/websocket.go:76.3,76.10 1 0
homework/internal/gateways/http/websocket.go:77.21,78.10 1 0
homework/internal/gateways/http/websocket.go:79.11,81.38 2 0
homework/internal/gateways/http/websocket.go:81.38,83.5 1 0
homework/internal/gateways/http/websocket.go:85.4,86.11 2 0
homework/internal/gateways/http/websocket.go:87.22,88.11 1 0
homework/internal/gateways/http/websocket.go:89.12,90.70 1 0
homework/internal/gateways/http/websocket.go:95.2,95.12 1 0
homework/internal/gateways/http/websocket.go:98.45,104.28 5 0
homework/internal/gateways/http/websocket.go:104.28,106.3 1 0
homework/internal/gateways/http/websocket.go:107.2,111.29 4 0
homework/internal/gateways/http/websocket.go:111.29,113.30 2 0
homework/internal/gateways/http/websocket.go:113.30,117.4 3 0
homework/internal/gateways/http/websocket.go:120.2,121.12 2 0
homework/internal/gateways/http/websocket.go:121.12,124.3 2 0
homework/internal/gateways/http/websocket.go:126.2,126.9 1 0
homework/internal/gateways/http/websocket.go:127.20,128.19 1 0
homework/internal/gateways/http/websocket.go:129.14,130.13 1 0
homework/internal/repository/event/inmemory/event.go:17.44,21.2 1 20
homework/internal/repository/event/inmemory/event.go:23.85,24.18 1 1150
homework/internal/repository/event/inmemory/event.go:24.18,26.3 1 1
homework/internal/repository/event/inmemory/event.go:28.2,28.34 1 1149
homework/internal/repository/event/inmemory/event.go:28.34,30.3 1 2
homework/internal/repository/event/inmemory/event.go:32.2,35.12 4 1147
homework/internal/repository/event/inmemory/event.go:38.104,39.34 1 11
homework/internal/repository/event/inmemory/event.go:39.34,41.3 1 2
homework/internal/repository/event/inmemory/event.go:43.2,47.33 4 9
homework/internal/repository/event/inmemory/event.go:47.33,49.3 1 1
homework/internal/repository/event/inmemory/event.go:51.2,53.31 3 8
homework/internal/repository/event/inmemory/event.go:53.31,54.62 1 1030
homework/internal/repository/event/inmemory/event.go:54.62,57.4 2 138
homework/internal/repository/event/inmemory/event.go:60.2,60.25 1 8
homework/internal/repository/event/inmemory/event.go:63.139,64.34 1 6
homework/internal/repository/event/inmemory/event.go:64.34,66.3 1 2
homework/internal/repository/event/inmemory/event.go:68.2,72.33 4 4
homework/internal/repository/event/inmemory/event.go:72.33,74.3 1 1
homework/internal/repository/event/inmemory/event.go:76.2,77.31 2 3
homework/internal/repository/event/inmemory/event.go:77.31,79.72 1 7
homework/internal/repository/event/inmemory/event.go:79.72,81.4 1 4
homework/internal/repository/event/inmemory/event.go:84.2,84.20 1 3
homework/internal/repository/sensor/inmemory/sensor.go:19.46,25.2 1 0
homework/internal/repository/sensor/inmemory/sensor.go:27.89,28.19 1 0
homework/internal/repository/sensor/inmemory/sensor.go:28.19,30.3 1 0
homework/internal/repository/sensor/inmemory/sensor.go:32.2,32.34 1 0
homework/internal/repository/sensor/inmemory/sensor.go:32.34,34.3 1 0
homework/internal/repository/sensor/inmemory/sensor.go:36.2,39.100 3 0
homework/internal/repository/sensor/inmemory/sensor.go:39.100,41.3 1 0
homework/internal/repository/sensor/inmemory/sensor.go:42.2,42.20 1 0
homework/internal/repository/sensor/inmemory/sensor.go:42.20,46.35 3 0
homework/internal/repository/sensor/inmemory/sensor.go:46.35,48.4 1 0
homework/internal/repository/sensor/inmemory/sensor.go:52.2,55.12 3 0
homework/internal/repository/sensor/inmemory/sensor.go:58.85,59.34 1 0
homework/internal/repository/sensor/inmemory/sensor.go:59.34,61.3 1 0
homework/internal/repository/sensor/inmemory/sensor.go:63.2,67.35 4 0
homework/internal/repository/sensor/inmemory/sensor.go:67.35,69.3 1 0
homework/internal/repository/sensor/inmemory/sensor.go:71.2,71.21 1 0
homework/internal/repository/sensor/inmemory/sensor.go:74.97,75.34 1 0
homework/internal/repository/sensor/inmemory/sensor.go:75.34,77.3 1 0
homework/internal/repository/sensor/inmemory/sensor.go:79.2,83.9 4 0
homework/internal/repository/sensor/inmemory/sensor.go:83.9,85.3 1 0
homework/internal/repository/sensor/inmemory/sensor.go:87.2,87.20 1 0
homework/internal/repository/sensor/inmemory/sensor.go:90.108,91.34 1 0
homework/internal/repository/sensor/inmemory/sensor.go:91.34,93.3 1 0
homework/internal/repository/sensor/inmemory/sensor.go:95.2,99.9 4 0
homework/internal/repository/sensor/inmemory/sensor.go:99.9,101.3 1 0
homework/internal/repository/sensor/inmemory/sensor.go:103.2,103.20 1 0
homework/internal/repository/user/inmemory/sensor_owner.go:14.56,18.2 1 0
homework/internal/repository/user/inmemory/sensor_owner.go:20.108,21.9 1 0
homework/internal/repository/user/inmemory/sensor_owner.go:22.20,23.19 1 0
homework/internal/repository/user/inmemory/sensor_owner.go:24.10,24.10 0 0
homework/internal/repository/user/inmemory/sensor_owner.go:27.2,30.9 3 0
homework/internal/repository/user/inmemory/sensor_owner.go:31.20,32.19 1 0
homework/internal/repository/user/inmemory/sensor_owner.go:33.10,33.10 0 0
homework/internal/repository/user/inmemory/sensor_owner.go:36.2,37.13 2 0
homework/internal/repository/user/inmemory/sensor_owner.go:37.13,39.3 1 0
homework/internal/repository/user/inmemory/sensor_owner.go:41.2,42.12 2 0
homework/internal/repository/user/inmemory/sensor_owner.go:45.117,46.9 1 0
homework/internal/repository/user/inmemory/sensor_owner.go:47.20,48.24 1 0
homework/internal/repository/user/inmemory/sensor_owner.go:49.10,49.10 0 0
homework/internal/repository/user/inmemory/sensor_owner.go:52.2,55.9 3 0
homework/internal/repository/user/inmemory/sensor_owner.go:56.20,57.24 1 0
homework/internal/repository/user/inmemory/sensor_owner.go:58.10,58.10 0 0
homework/internal/repository/user/inmemory/sensor_owner.go:61.2,62.13 2 0
homework/internal/repository/user/inmemory/sensor_owner.go:62.13,64.3 1 0
homework/internal/repository/user/inmemory/sensor_owner.go:66.2,67.42 2 0
homework/internal/repository/user/inmemory/sensor_owner.go:67.42,69.3 1 0
homework/internal/repository/user/inmemory/sensor_owner.go:70.2,70.20 1 0
homework/internal/repository/user/inmemory/user.go:17.42,21.2 1 0
homework/internal/repository/user/inmemory/user.go:23.81,24.9 1 0
homework/internal/repository/user/inmemory/user.go:25.20,26.19 1 0
homework/internal/repository/user/inmemory/user.go:27.10,27.10 0 0
homework/internal/repository/user/inmemory/user.go:29.2,29.17 1 0
homework/internal/repository/user/inmemory/user.go:29.17,31.3 1 0
homework/internal/repository/user/inmemory/user.go:33.2,36.9 3 0
homework/internal/repository/user/inmemory/user.go:37.20,38.19 1 0
homework/internal/repository/user/inmemory/user.go:39.10,39.10 0 0
homework/internal/repository/user/inmemory/user.go:42.2,42.18 1 0
homework/internal/repository/user/inmemory/user.go:42.18,44.27 2 0
homework/internal/repository/user/inmemory/user.go:44.27,45.18 1 0
homework/internal/repository/user/inmemory/user.go:45.18,47.5 1 0
homework/internal/repository/user/inmemory/user.go:49.3,49.22 1 0
homework/internal/repository/user/inmemory/user.go:51.2,52.12 2 0
homework/internal/repository/user/inmemory/user.go:55.91,56.9 1 0
homework/internal/repository/user/inmemory/user.go:57.20,58.24 1 0
homework/internal/repository/user/inmemory/user.go:59.10,59.10 0 0
homework/internal/repository/user/inmemory/user.go:62.2,65.9 3 0
homework/internal/repository/user/inmemory/user.go:66.20,67.24 1 0
homework/internal/repository/user/inmemory/user.go:68.10,68.10 0 0
homework/internal/repository/user/inmemory/user.go:71.2,72.13 2 0
homework/internal/repository/user/inmemory/user.go:72.13,74.3 1 0
homework/internal/repository/user/inmemory/user.go:76.2,76.18 1 0
homework/internal/usecase/event.go:14.63,19.2 1 0
homework/internal/usecase/event.go:21.78,22.30 1 0
homework/internal/usecase/event.go:22.30,24.3 1 0
homework/internal/usecase/event.go:26.2,27.16 2 0
homework/internal/usecase/event.go:27.16,29.3 1 0
homework/internal/usecase/event.go:30.2,30.19 1 0
homework/internal/usecase/event.go:30.19,32.3 1 0
homework/internal/usecase/event.go:34.2,36.58 2 0
homework/internal/usecase/event.go:36.58,38.3 1 0
homework/internal/usecase/event.go:39.2,42.45 3 0
homework/internal/usecase/event.go:45.94,47.16 2 0
homework/internal/usecase/event.go:47.16,49.3 1 0
homework/internal/usecase/event.go:50.2,50.18 1 0
homework/internal/usecase/event.go:50.18,52.3 1 0
homework/internal/usecase/event.go:53.2,53.19 1 0
homework/internal/usecase/event.go:56.119,58.16 2 0
homework/internal/usecase/event.go:58.16,60.3 1 0
homework/internal/usecase/event.go:61.2,61.19 1 0
homework/internal/usecase/event.go:61.19,63.3 1 0
homework/internal/usecase/event.go:65.2,67.9 1 0
homework/internal/usecase/event.go:67.9,69.3 1 0
homework/internal/usecase/event.go:71.2,71.30 1 0
homework/internal/usecase/sensor.go:14.45,18.2 1 0
homework/internal/usecase/sensor.go:20.49,21.19 1 0
homework/internal/usecase/sensor.go:21.19,23.3 1 0
homework/internal/usecase/sensor.go:25.2,26.14 2 0
homework/internal/usecase/sensor.go:26.14,28.3 1 0
homework/internal/usecase/sensor.go:30.2,30.91 1 0
homework/internal/usecase/sensor.go:30.91,32.3 1 0
homework/internal/usecase/sensor.go:34.2,34.12 1 0
homework/internal/usecase/sensor.go:37.101,38.46 1 0
homework/internal/usecase/sensor.go:38.46,40.3 1 0
homework/internal/usecase/sensor.go:42.2,44.54 2 0
homework/internal/usecase/sensor.go:44.54,46.3 1 0
homework/internal/usecase/sensor.go:48.2,48.27 1 0
homework/internal/usecase/sensor.go:48.27,50.3 1 0
homework/internal/usecase/sensor.go:52.2,52.61 1 0
homework/internal/usecase/sensor.go:52.61,54.3 1 0
homework/internal/usecase/sensor.go:56.2,56.20 1 0
homework/internal/usecase/sensor.go:59.75,61.16 2 0
homework/internal/usecase/sensor.go:61.16,63.3 1 0
homework/internal/usecase/sensor.go:65.2,65.21 1 0
homework/internal/usecase/sensor.go:68.87,70.16 2 0
homework/internal/usecase/sensor.go:70.16,72.3 1 0
homework/internal/usecase/sensor.go:73.2,73.19 1 0
homework/internal/usecase/sensor.go:73.19,75.3 1 0
homework/internal/usecase/sensor.go:77.2,77.20 1 0
homework/internal/usecase/usecase_mock.go:27.77,31.2 3 0
homework/internal/usecase/usecase_mock.go:34.75,36.2 1 0
homework/internal/usecase/usecase_mock.go:39.101,45.2 5 0
homework/internal/usecase/usecase_mock.go:48.93,51.2 2 0
homework/internal/usecase/usecase_mock.go:54.112,60.2 5 0
homework/internal/usecase/usecase_mock.go:63.103,66.2 2 0
homework/internal/usecase/usecase_mock.go:69.89,75.2 5 0
homework/internal/usecase/usecase_mock.go:78.86,81.2 2 0
homework/internal/usecase/usecase_mock.go:84.93,89.2 4 0
homework/internal/usecase/usecase_mock.go:92.94,95.2 2 0
homework/internal/usecase/usecase_mock.go:109.75,113.2 3 0
homework/internal/usecase/usecase_mock.go:116.73,118.2 1 0
homework/internal/usecase/usecase_mock.go:121.108,127.2 5 0
homework/internal/usecase/usecase_mock.go:130.101,133.2 2 0
homework/internal/usecase/usecase_mock.go:136.89,141.2 4 0
homework/internal/usecase/usecase_mock.go:144.91,147.2 2 0
homework/internal/usecase/usecase_mock.go:161.73,165.2 3 0
homework/internal/usecase/usecase_mock.go:168.71,170.2 1 0
homework/internal/usecase/usecase_mock.go:173.95,179.2 5 0
homework/internal/usecase/usecase_mock.go:182.89,185.2 2 0
homework/internal/usecase/usecase_mock.go:188.85,193.2 4 0
homework/internal/usecase/usecase_mock.go:196.88,199.2 2 0
homework/internal/usecase/usecase_mock.go:213.87,217.2 3 0
homework/internal/usecase/usecase_mock.go:220.85,222.2 1 0
homework/internal/usecase/usecase_mock.go:225.121,231.2 5 0
homework/internal/usecase/usecase_mock.go:234.107,237.2 2 0
homework/internal/usecase/usecase_mock.go:240.112,245.2 4 0
homework/internal/usecase/usecase_mock.go:248.109,251.2 2 0
homework/internal/usecase/user.go:14.87,20.2 1 0
homework/internal/usecase/user.go:22.91,23.17 1 0
homework/internal/usecase/user.go:23.17,25.3 1 0
homework/internal/usecase/user.go:27.2,27.21 1 0
homework/internal/usecase/user.go:27.21,29.3 1 0
homework/internal/usecase/user.go:31.2,31.55 1 0
homework/internal/usecase/user.go:31.55,33.3 1 0
homework/internal/usecase/user.go:35.2,35.18 1 0
homework/internal/usecase/user.go:38.86,40.16 2 0
homework/internal/usecase/user.go:40.16,42.3 1 0
homework/internal/usecase/user.go:43.2,43.17 1 0
homework/internal/usecase/user.go:43.17,45.3 1 0
homework/internal/usecase/user.go:47.2,48.16 2 0
homework/internal/usecase/user.go:48.16,50.3 1 0
homework/internal/usecase/user.go:51.2,51.19 1 0
homework/internal/usecase/user.go:51.19,53.3 1 0
homework/internal/usecase/user.go:54.2,59.60 2 0
homework/internal/usecase/user.go:62.91,64.16 2 0
homework/internal/usecase/user.go:64.16,66.3 1 0
homework/internal/usecase/user.go:67.2,67.17 1 0
homework/internal/usecase/user.go:67.17,69.3 1 0
homework/internal/usecase/user.go:71.2,72.16 2 0
homework/internal/usecase/user.go:72.16,74.3 1 0
homework/internal/usecase/user.go:76.2,77.43 2 0
homework/internal/usecase/user.go:77.43,79.17 2 0
homework/internal/usecase/user.go:79.17,81.4 1 0
homework/internal/usecase/user.go:82.3,82.20 1 0
homework/internal/usecase/user.go:82.20,84.4 1 0
homework/internal/usecase/user.go:86.2,86.21 1 0
